0	19:44:48.990	Expert test USDCHF,H1: loaded successfully
0	19:44:52.952	Expert test USDCHF,H1: removed
0	19:45:55.560	Compiling 'test'
0	19:45:58.074	Compiling 'company_strategies\TpAndSl\TakeProfitAndStopLoss2'
0	19:46:06.992	Script test3 USDCHF,H1: loaded successfully
0	19:46:07.062	test3 USDCHF,H1: initialized
0	19:46:07.063	test3 USDCHF,H1: Alert: 78
0	19:46:07.063	test3 USDCHF,H1: uninit reason 0
0	19:46:07.158	Script test3 USDCHF,H1: removed
0	19:47:32.140	Script test3 USDCHF,H1: loaded successfully
0	19:47:32.209	test3 USDCHF,H1: initialized
0	19:47:32.209	test3 USDCHF,H1: Alert: 78
0	19:47:32.209	test3 USDCHF,H1: uninit reason 0
0	19:47:32.252	Script test3 USDCHF,H1: removed
0	19:53:45.591	Script test3 USDCHF,H1: loaded successfully
0	19:53:45.643	test3 USDCHF,H1: initialized
0	19:53:45.644	test3 USDCHF,H1: Alert: USDCHF
0	19:53:45.644	test3 USDCHF,H1: Alert: GBPUSD
0	19:53:45.644	test3 USDCHF,H1: Alert: EURUSD
0	19:53:45.644	test3 USDCHF,H1: Alert: USDJPY
0	19:53:45.644	test3 USDCHF,H1: Alert: USDCAD
0	19:53:45.644	test3 USDCHF,H1: Alert: AUDUSD
0	19:53:45.644	test3 USDCHF,H1: Alert: EURGBP
0	19:53:45.644	test3 USDCHF,H1: Alert: EURAUD
0	19:53:45.644	test3 USDCHF,H1: Alert: EURCHF
0	19:53:45.644	test3 USDCHF,H1: Alert: EURJPY
0	19:53:45.645	test3 USDCHF,H1: Alert: GBPCHF
0	19:53:45.645	test3 USDCHF,H1: Alert: CADJPY
0	19:53:45.645	test3 USDCHF,H1: Alert: GBPJPY
0	19:53:45.645	test3 USDCHF,H1: Alert: AUDNZD
0	19:53:45.645	test3 USDCHF,H1: Alert: AUDCAD
0	19:53:45.645	test3 USDCHF,H1: Alert: AUDCHF
0	19:53:45.646	test3 USDCHF,H1: Alert: AUDJPY
0	19:53:45.646	test3 USDCHF,H1: Alert: CHFJPY
0	19:53:45.646	test3 USDCHF,H1: Alert: EURNZD
0	19:53:45.646	test3 USDCHF,H1: Alert: EURCAD
0	19:53:45.647	test3 USDCHF,H1: Alert: CADCHF
0	19:53:45.648	test3 USDCHF,H1: Alert: NZDJPY
0	19:53:45.649	test3 USDCHF,H1: Alert: NZDUSD
0	19:53:45.649	test3 USDCHF,H1: Alert: XAUUSD
0	19:53:45.649	test3 USDCHF,H1: Alert: AUDSGD
0	19:53:45.649	test3 USDCHF,H1: Alert: CADSGD
0	19:53:45.650	test3 USDCHF,H1: Alert: CHFSGD
0	19:53:45.650	test3 USDCHF,H1: Alert: EURDKK
0	19:53:45.650	test3 USDCHF,H1: Alert: EURHKD
0	19:53:45.650	test3 USDCHF,H1: Alert: EURHUF
0	19:53:45.650	test3 USDCHF,H1: Alert: EURCZK
0	19:53:45.650	test3 USDCHF,H1: Alert: EURMXN
0	19:53:45.651	test3 USDCHF,H1: Alert: EURNOK
0	19:53:45.652	test3 USDCHF,H1: Alert: EURPLN
0	19:53:45.652	test3 USDCHF,H1: Alert: EURSEK
0	19:53:45.652	test3 USDCHF,H1: Alert: EURSGD
0	19:53:45.652	test3 USDCHF,H1: Alert: EURTRY
0	19:53:45.652	test3 USDCHF,H1: Alert: GBPAUD
0	19:53:45.652	test3 USDCHF,H1: Alert: GBPCAD
0	19:53:45.652	test3 USDCHF,H1: Alert: GBPNOK
0	19:53:45.652	test3 USDCHF,H1: Alert: GBPNZD
0	19:53:45.652	test3 USDCHF,H1: Alert: GBPPLN
0	19:53:45.652	test3 USDCHF,H1: Alert: GBPSEK
0	19:53:45.652	test3 USDCHF,H1: Alert: GBPSGD
0	19:53:45.652	test3 USDCHF,H1: Alert: NOKSEK
0	19:53:45.652	test3 USDCHF,H1: Alert: NZDCAD
0	19:53:45.653	test3 USDCHF,H1: Alert: NZDCHF
0	19:53:45.653	test3 USDCHF,H1: Alert: NZDSGD
0	19:53:45.653	test3 USDCHF,H1: Alert: USDCNH
0	19:53:45.653	test3 USDCHF,H1: Alert: USDCZK
0	19:53:45.653	test3 USDCHF,H1: Alert: USDDKK
0	19:53:45.653	test3 USDCHF,H1: Alert: USDHKD
0	19:53:45.653	test3 USDCHF,H1: Alert: USDHUF
0	19:53:45.653	test3 USDCHF,H1: Alert: USDMXN
0	19:53:45.653	test3 USDCHF,H1: Alert: USDNOK
0	19:53:45.653	test3 USDCHF,H1: Alert: USDPLN
0	19:53:45.653	test3 USDCHF,H1: Alert: USDSEK
0	19:53:45.653	test3 USDCHF,H1: Alert: USDSGD
0	19:53:45.653	test3 USDCHF,H1: Alert: USDTRY
0	19:53:45.653	test3 USDCHF,H1: Alert: USDZAR
0	19:53:45.653	test3 USDCHF,H1: Alert: XAGUSD
0	19:53:45.653	test3 USDCHF,H1: Alert: AUS200
0	19:53:45.654	test3 USDCHF,H1: Alert: ES35
0	19:53:45.654	test3 USDCHF,H1: Alert: FCHI
0	19:53:45.654	test3 USDCHF,H1: Alert: GDAXI
0	19:53:45.654	test3 USDCHF,H1: Alert: HK50
0	19:53:45.654	test3 USDCHF,H1: Alert: J225
0	19:53:45.654	test3 USDCHF,H1: Alert: NDX
0	19:53:45.654	test3 USDCHF,H1: Alert: SPX
0	19:53:45.654	test3 USDCHF,H1: Alert: STOXX50E
0	19:53:45.654	test3 USDCHF,H1: Alert: UK100
0	19:53:45.654	test3 USDCHF,H1: Alert: USDX
0	19:53:45.654	test3 USDCHF,H1: Alert: WS30
0	19:53:45.654	test3 USDCHF,H1: Alert: China50
0	19:53:45.654	test3 USDCHF,H1: Alert: CN300
0	19:53:45.654	test3 USDCHF,H1: Alert: XBRUSD
0	19:53:45.654	test3 USDCHF,H1: Alert: XTIUSD
0	19:53:45.654	test3 USDCHF,H1: Alert: NGAS
0	19:53:45.654	test3 USDCHF,H1: uninit reason 0
0	19:53:45.693	Script test3 USDCHF,H1: removed
0	19:55:25.375	Script test3 USDCHF,H1: loaded successfully
0	19:55:25.454	test3 USDCHF,H1: initialized
0	19:55:25.454	test3 USDCHF,H1: Alert: 0USDCHF
0	19:55:25.454	test3 USDCHF,H1: Alert: 1GBPUSD
0	19:55:25.454	test3 USDCHF,H1: Alert: 2EURUSD
0	19:55:25.454	test3 USDCHF,H1: Alert: 3USDJPY
0	19:55:25.454	test3 USDCHF,H1: Alert: 4USDCAD
0	19:55:25.454	test3 USDCHF,H1: Alert: 5AUDUSD
0	19:55:25.454	test3 USDCHF,H1: Alert: 6EURGBP
0	19:55:25.454	test3 USDCHF,H1: Alert: 7EURAUD
0	19:55:25.454	test3 USDCHF,H1: Alert: 8EURCHF
0	19:55:25.460	test3 USDCHF,H1: Alert: 9EURJPY
0	19:55:25.460	test3 USDCHF,H1: Alert: 10GBPCHF
0	19:55:25.460	test3 USDCHF,H1: Alert: 11CADJPY
0	19:55:25.460	test3 USDCHF,H1: Alert: 12GBPJPY
0	19:55:25.460	test3 USDCHF,H1: Alert: 13AUDNZD
0	19:55:25.460	test3 USDCHF,H1: Alert: 14AUDCAD
0	19:55:25.460	test3 USDCHF,H1: Alert: 15AUDCHF
0	19:55:25.460	test3 USDCHF,H1: Alert: 16AUDJPY
0	19:55:25.460	test3 USDCHF,H1: Alert: 17CHFJPY
0	19:55:25.460	test3 USDCHF,H1: Alert: 18EURNZD
0	19:55:25.460	test3 USDCHF,H1: Alert: 19EURCAD
0	19:55:25.460	test3 USDCHF,H1: Alert: 20CADCHF
0	19:55:25.460	test3 USDCHF,H1: Alert: 21NZDJPY
0	19:55:25.460	test3 USDCHF,H1: Alert: 22NZDUSD
0	19:55:25.460	test3 USDCHF,H1: Alert: 23XAUUSD
0	19:55:25.460	test3 USDCHF,H1: Alert: 24AUDSGD
0	19:55:25.460	test3 USDCHF,H1: Alert: 25CADSGD
0	19:55:25.460	test3 USDCHF,H1: Alert: 26CHFSGD
0	19:55:25.460	test3 USDCHF,H1: Alert: 27EURDKK
0	19:55:25.460	test3 USDCHF,H1: Alert: 28EURHKD
0	19:55:25.460	test3 USDCHF,H1: Alert: 29EURHUF
0	19:55:25.460	test3 USDCHF,H1: Alert: 30EURCZK
0	19:55:25.460	test3 USDCHF,H1: Alert: 31EURMXN
0	19:55:25.460	test3 USDCHF,H1: Alert: 32EURNOK
0	19:55:25.460	test3 USDCHF,H1: Alert: 33EURPLN
0	19:55:25.460	test3 USDCHF,H1: Alert: 34EURSEK
0	19:55:25.460	test3 USDCHF,H1: Alert: 35EURSGD
0	19:55:25.460	test3 USDCHF,H1: Alert: 36EURTRY
0	19:55:25.460	test3 USDCHF,H1: Alert: 37GBPAUD
0	19:55:25.460	test3 USDCHF,H1: Alert: 38GBPCAD
0	19:55:25.460	test3 USDCHF,H1: Alert: 39GBPNOK
0	19:55:25.460	test3 USDCHF,H1: Alert: 40GBPNZD
0	19:55:25.460	test3 USDCHF,H1: Alert: 41GBPPLN
0	19:55:25.460	test3 USDCHF,H1: Alert: 42GBPSEK
0	19:55:25.461	test3 USDCHF,H1: Alert: 43GBPSGD
0	19:55:25.461	test3 USDCHF,H1: Alert: 44NOKSEK
0	19:55:25.461	test3 USDCHF,H1: Alert: 45NZDCAD
0	19:55:25.461	test3 USDCHF,H1: Alert: 46NZDCHF
0	19:55:25.461	test3 USDCHF,H1: Alert: 47NZDSGD
0	19:55:25.461	test3 USDCHF,H1: Alert: 48USDCNH
0	19:55:25.461	test3 USDCHF,H1: Alert: 49USDCZK
0	19:55:25.461	test3 USDCHF,H1: Alert: 50USDDKK
0	19:55:25.461	test3 USDCHF,H1: Alert: 51USDHKD
0	19:55:25.461	test3 USDCHF,H1: Alert: 52USDHUF
0	19:55:25.461	test3 USDCHF,H1: Alert: 53USDMXN
0	19:55:25.461	test3 USDCHF,H1: Alert: 54USDNOK
0	19:55:25.461	test3 USDCHF,H1: Alert: 55USDPLN
0	19:55:25.461	test3 USDCHF,H1: Alert: 56USDSEK
0	19:55:25.461	test3 USDCHF,H1: Alert: 57USDSGD
0	19:55:25.461	test3 USDCHF,H1: Alert: 58USDTRY
0	19:55:25.461	test3 USDCHF,H1: Alert: 59USDZAR
0	19:55:25.461	test3 USDCHF,H1: Alert: 60XAGUSD
0	19:55:25.461	test3 USDCHF,H1: Alert: 61AUS200
0	19:55:25.461	test3 USDCHF,H1: Alert: 62ES35
0	19:55:25.461	test3 USDCHF,H1: Alert: 63FCHI
0	19:55:25.461	test3 USDCHF,H1: Alert: 64GDAXI
0	19:55:25.461	test3 USDCHF,H1: Alert: 65HK50
0	19:55:25.461	test3 USDCHF,H1: Alert: 66J225
0	19:55:25.461	test3 USDCHF,H1: Alert: 67NDX
0	19:55:25.461	test3 USDCHF,H1: Alert: 68SPX
0	19:55:25.461	test3 USDCHF,H1: Alert: 69STOXX50E
0	19:55:25.461	test3 USDCHF,H1: Alert: 70UK100
0	19:55:25.461	test3 USDCHF,H1: Alert: 71USDX
0	19:55:25.461	test3 USDCHF,H1: Alert: 72WS30
0	19:55:25.461	test3 USDCHF,H1: Alert: 73China50
0	19:55:25.461	test3 USDCHF,H1: Alert: 74CN300
0	19:55:25.461	test3 USDCHF,H1: Alert: 75XBRUSD
0	19:55:25.461	test3 USDCHF,H1: Alert: 76XTIUSD
0	19:55:25.461	test3 USDCHF,H1: Alert: 77NGAS
0	19:55:25.461	test3 USDCHF,H1: uninit reason 0
0	19:55:25.507	Script test3 USDCHF,H1: removed
0	20:04:13.379	Compiling 'test3'
0	20:04:16.288	Script test4 USDCHF,H1: loaded successfully
0	20:04:16.381	test4 USDCHF,H1: initialized
0	20:04:16.381	test4 USDCHF,H1: Alert: 1233345
0	20:04:16.381	test4 USDCHF,H1: uninit reason 0
0	20:04:16.437	Script test4 USDCHF,H1: removed
0	20:19:48.602	Script test3 USDCHF,H1: loaded successfully
0	20:19:48.639	test3 USDCHF,H1: initialized
0	20:19:48.639	test3 USDCHF,H1: uninit reason 0
0	20:19:48.684	Script test3 USDCHF,H1: removed
0	20:20:19.103	Script test3 USDCHF,H1: loaded successfully
0	20:20:19.141	test3 USDCHF,H1: initialized
0	20:20:19.141	test3 USDCHF,H1: uninit reason 0
0	20:20:19.177	Script test3 USDCHF,H1: removed
0	20:21:12.751	Script test3 USDCHF,H1: loaded successfully
0	20:21:12.796	test3 USDCHF,H1: initialized
0	20:21:12.796	test3 USDCHF,H1: uninit reason 0
0	20:21:12.844	Script test3 USDCHF,H1: removed
0	20:21:19.911	Script test3 USDCHF,H1: loaded successfully
0	20:21:19.928	test3 USDCHF,H1: initialized
0	20:21:19.936	test3 USDCHF,H1: Alert: USDCHF
0	20:21:19.936	test3 USDCHF,H1: Alert: GBPUSD
0	20:21:19.936	test3 USDCHF,H1: Alert: EURUSD
0	20:21:19.936	test3 USDCHF,H1: Alert: USDJPY
0	20:21:19.936	test3 USDCHF,H1: Alert: USDCAD
0	20:21:19.936	test3 USDCHF,H1: Alert: AUDUSD
0	20:21:19.936	test3 USDCHF,H1: Alert: EURGBP
0	20:21:19.936	test3 USDCHF,H1: Alert: EURAUD
0	20:21:19.936	test3 USDCHF,H1: Alert: EURCHF
0	20:21:19.936	test3 USDCHF,H1: Alert: EURJPY
0	20:21:19.936	test3 USDCHF,H1: Alert: GBPCHF
0	20:21:19.936	test3 USDCHF,H1: Alert: CADJPY
0	20:21:19.936	test3 USDCHF,H1: Alert: GBPJPY
0	20:21:19.936	test3 USDCHF,H1: Alert: AUDNZD
0	20:21:19.936	test3 USDCHF,H1: Alert: AUDCAD
0	20:21:19.936	test3 USDCHF,H1: Alert: AUDCHF
0	20:21:19.936	test3 USDCHF,H1: Alert: AUDJPY
0	20:21:19.936	test3 USDCHF,H1: Alert: CHFJPY
0	20:21:19.936	test3 USDCHF,H1: Alert: EURNZD
0	20:21:19.936	test3 USDCHF,H1: Alert: EURCAD
0	20:21:19.936	test3 USDCHF,H1: Alert: CADCHF
0	20:21:19.936	test3 USDCHF,H1: Alert: NZDJPY
0	20:21:19.936	test3 USDCHF,H1: Alert: NZDUSD
0	20:21:19.936	test3 USDCHF,H1: Alert: XAUUSD
0	20:21:19.936	test3 USDCHF,H1: Alert: AUDSGD
0	20:21:19.937	test3 USDCHF,H1: Alert: CADSGD
0	20:21:19.937	test3 USDCHF,H1: Alert: CHFSGD
0	20:21:19.937	test3 USDCHF,H1: Alert: EURDKK
0	20:21:19.937	test3 USDCHF,H1: Alert: EURHKD
0	20:21:19.937	test3 USDCHF,H1: Alert: EURHUF
0	20:21:19.937	test3 USDCHF,H1: Alert: EURCZK
0	20:21:19.938	test3 USDCHF,H1: Alert: EURMXN
0	20:21:19.938	test3 USDCHF,H1: Alert: EURNOK
0	20:21:19.938	test3 USDCHF,H1: Alert: EURPLN
0	20:21:19.938	test3 USDCHF,H1: Alert: EURSEK
0	20:21:19.938	test3 USDCHF,H1: Alert: EURSGD
0	20:21:19.938	test3 USDCHF,H1: Alert: EURTRY
0	20:21:19.938	test3 USDCHF,H1: Alert: GBPAUD
0	20:21:19.938	test3 USDCHF,H1: Alert: GBPCAD
0	20:21:19.939	test3 USDCHF,H1: Alert: GBPNOK
0	20:21:19.939	test3 USDCHF,H1: Alert: GBPNZD
0	20:21:19.939	test3 USDCHF,H1: Alert: GBPPLN
0	20:21:19.939	test3 USDCHF,H1: Alert: GBPSEK
0	20:21:19.939	test3 USDCHF,H1: Alert: GBPSGD
0	20:21:19.939	test3 USDCHF,H1: Alert: NOKSEK
0	20:21:19.939	test3 USDCHF,H1: Alert: NZDCAD
0	20:21:19.939	test3 USDCHF,H1: Alert: NZDCHF
0	20:21:19.939	test3 USDCHF,H1: Alert: NZDSGD
0	20:21:19.981	test3 USDCHF,H1: Alert: USDCNH
0	20:21:19.981	test3 USDCHF,H1: Alert: USDCZK
0	20:21:19.981	test3 USDCHF,H1: Alert: USDDKK
0	20:21:19.981	test3 USDCHF,H1: Alert: USDHKD
0	20:21:19.981	test3 USDCHF,H1: Alert: USDHUF
0	20:21:19.981	test3 USDCHF,H1: Alert: USDMXN
0	20:21:19.981	test3 USDCHF,H1: Alert: USDNOK
0	20:21:19.981	test3 USDCHF,H1: Alert: USDPLN
0	20:21:19.981	test3 USDCHF,H1: Alert: USDSEK
0	20:21:19.981	test3 USDCHF,H1: Alert: USDSGD
0	20:21:19.981	test3 USDCHF,H1: Alert: USDTRY
0	20:21:19.981	test3 USDCHF,H1: Alert: USDZAR
0	20:21:19.981	test3 USDCHF,H1: Alert: XAGUSD
0	20:21:19.981	test3 USDCHF,H1: Alert: AUS200
0	20:21:19.981	test3 USDCHF,H1: Alert: ES35
0	20:21:19.981	test3 USDCHF,H1: Alert: FCHI
0	20:21:19.981	test3 USDCHF,H1: Alert: GDAXI
0	20:21:19.981	test3 USDCHF,H1: Alert: HK50
0	20:21:19.981	test3 USDCHF,H1: Alert: J225
0	20:21:19.981	test3 USDCHF,H1: Alert: NDX
0	20:21:19.981	test3 USDCHF,H1: Alert: SPX
0	20:21:19.981	test3 USDCHF,H1: Alert: STOXX50E
0	20:21:19.981	test3 USDCHF,H1: Alert: UK100
0	20:21:19.981	test3 USDCHF,H1: Alert: USDX
0	20:21:19.981	test3 USDCHF,H1: Alert: WS30
0	20:21:19.981	test3 USDCHF,H1: Alert: China50
0	20:21:19.981	test3 USDCHF,H1: Alert: CN300
0	20:21:19.981	test3 USDCHF,H1: Alert: XBRUSD
0	20:21:19.981	test3 USDCHF,H1: Alert: XTIUSD
0	20:21:19.981	test3 USDCHF,H1: Alert: NGAS
0	20:21:19.983	test3 USDCHF,H1: uninit reason 0
0	20:21:20.014	Script test3 USDCHF,H1: removed
0	20:22:48.094	Script test3 USDCHF,H1: loaded successfully
0	20:22:48.163	test3 USDCHF,H1: initialized
0	20:22:48.177	test3 USDCHF,H1: Alert: USDCHF
0	20:22:48.177	test3 USDCHF,H1: Alert: GBPUSD
0	20:22:48.177	test3 USDCHF,H1: Alert: EURUSD
0	20:22:48.177	test3 USDCHF,H1: Alert: USDJPY
0	20:22:48.177	test3 USDCHF,H1: Alert: USDCAD
0	20:22:48.177	test3 USDCHF,H1: Alert: AUDUSD
0	20:22:48.177	test3 USDCHF,H1: Alert: EURGBP
0	20:22:48.177	test3 USDCHF,H1: Alert: EURAUD
0	20:22:48.177	test3 USDCHF,H1: Alert: EURCHF
0	20:22:48.177	test3 USDCHF,H1: Alert: EURJPY
0	20:22:48.177	test3 USDCHF,H1: Alert: GBPCHF
0	20:22:48.177	test3 USDCHF,H1: Alert: CADJPY
0	20:22:48.177	test3 USDCHF,H1: Alert: GBPJPY
0	20:22:48.177	test3 USDCHF,H1: Alert: AUDNZD
0	20:22:48.177	test3 USDCHF,H1: Alert: AUDCAD
0	20:22:48.177	test3 USDCHF,H1: Alert: AUDCHF
0	20:22:48.177	test3 USDCHF,H1: Alert: AUDJPY
0	20:22:48.177	test3 USDCHF,H1: Alert: CHFJPY
0	20:22:48.177	test3 USDCHF,H1: Alert: EURNZD
0	20:22:48.177	test3 USDCHF,H1: Alert: EURCAD
0	20:22:48.177	test3 USDCHF,H1: Alert: CADCHF
0	20:22:48.177	test3 USDCHF,H1: Alert: NZDJPY
0	20:22:48.177	test3 USDCHF,H1: Alert: NZDUSD
0	20:22:48.177	test3 USDCHF,H1: Alert: XAUUSD
0	20:22:48.177	test3 USDCHF,H1: Alert: AUDSGD
0	20:22:48.177	test3 USDCHF,H1: Alert: CADSGD
0	20:22:48.177	test3 USDCHF,H1: Alert: CHFSGD
0	20:22:48.177	test3 USDCHF,H1: Alert: EURDKK
0	20:22:48.177	test3 USDCHF,H1: Alert: EURHKD
0	20:22:48.177	test3 USDCHF,H1: Alert: EURHUF
0	20:22:48.177	test3 USDCHF,H1: Alert: EURCZK
0	20:22:48.177	test3 USDCHF,H1: Alert: EURMXN
0	20:22:48.177	test3 USDCHF,H1: Alert: EURNOK
0	20:22:48.177	test3 USDCHF,H1: Alert: EURPLN
0	20:22:48.177	test3 USDCHF,H1: Alert: EURSEK
0	20:22:48.177	test3 USDCHF,H1: Alert: EURSGD
0	20:22:48.177	test3 USDCHF,H1: Alert: EURTRY
0	20:22:48.177	test3 USDCHF,H1: Alert: GBPAUD
0	20:22:48.177	test3 USDCHF,H1: Alert: GBPCAD
0	20:22:48.177	test3 USDCHF,H1: Alert: GBPNOK
0	20:22:48.177	test3 USDCHF,H1: Alert: GBPNZD
0	20:22:48.177	test3 USDCHF,H1: Alert: GBPPLN
0	20:22:48.177	test3 USDCHF,H1: Alert: GBPSEK
0	20:22:48.177	test3 USDCHF,H1: Alert: GBPSGD
0	20:22:48.177	test3 USDCHF,H1: Alert: NOKSEK
0	20:22:48.177	test3 USDCHF,H1: Alert: NZDCAD
0	20:22:48.177	test3 USDCHF,H1: Alert: NZDCHF
0	20:22:48.177	test3 USDCHF,H1: Alert: NZDSGD
0	20:22:48.177	test3 USDCHF,H1: Alert: USDCNH
0	20:22:48.177	test3 USDCHF,H1: Alert: USDCZK
0	20:22:48.177	test3 USDCHF,H1: Alert: USDDKK
0	20:22:48.177	test3 USDCHF,H1: Alert: USDHKD
0	20:22:48.177	test3 USDCHF,H1: Alert: USDHUF
0	20:22:48.177	test3 USDCHF,H1: Alert: USDMXN
0	20:22:48.177	test3 USDCHF,H1: Alert: USDNOK
0	20:22:48.177	test3 USDCHF,H1: Alert: USDPLN
0	20:22:48.177	test3 USDCHF,H1: Alert: USDSEK
0	20:22:48.177	test3 USDCHF,H1: Alert: USDSGD
0	20:22:48.177	test3 USDCHF,H1: Alert: USDTRY
0	20:22:48.177	test3 USDCHF,H1: Alert: USDZAR
0	20:22:48.177	test3 USDCHF,H1: Alert: XAGUSD
0	20:22:48.177	test3 USDCHF,H1: Alert: AUS200
0	20:22:48.177	test3 USDCHF,H1: Alert: ES35
0	20:22:48.177	test3 USDCHF,H1: Alert: FCHI
0	20:22:48.177	test3 USDCHF,H1: Alert: GDAXI
0	20:22:48.177	test3 USDCHF,H1: Alert: HK50
0	20:22:48.177	test3 USDCHF,H1: Alert: J225
0	20:22:48.177	test3 USDCHF,H1: Alert: NDX
0	20:22:48.177	test3 USDCHF,H1: Alert: SPX
0	20:22:48.177	test3 USDCHF,H1: Alert: STOXX50E
0	20:22:48.177	test3 USDCHF,H1: Alert: UK100
0	20:22:48.177	test3 USDCHF,H1: Alert: USDX
0	20:22:48.177	test3 USDCHF,H1: Alert: WS30
0	20:22:48.177	test3 USDCHF,H1: Alert: China50
0	20:22:48.177	test3 USDCHF,H1: Alert: CN300
0	20:22:48.177	test3 USDCHF,H1: Alert: XBRUSD
0	20:22:48.177	test3 USDCHF,H1: Alert: XTIUSD
0	20:22:48.177	test3 USDCHF,H1: Alert: NGAS
0	20:22:48.178	test3 USDCHF,H1: uninit reason 0
0	20:22:48.222	Script test3 USDCHF,H1: removed
0	20:43:45.621	Compiling 'company_strategies\TpAndSl\TakeProfitAndStopLoss2'
0	20:43:48.724	Script test3 USDCHF,H1: loaded successfully
0	20:43:48.775	test3 USDCHF,H1: initialized
0	20:43:48.792	test3 USDCHF,H1: uninit reason 0
0	20:43:49.109	Script test3 USDCHF,H1: removed
0	20:54:39.308	Compiling 'company_strategies\TpAndSl\TakeProfitAndStopLoss2'
0	20:54:41.849	Compiling 'test4'
0	20:54:44.490	Script test3 USDCHF,H1: loaded successfully
0	20:54:44.555	test3 USDCHF,H1: initialized
0	20:54:44.560	test3 USDCHF,H1: uninit reason 0
0	20:54:44.997	Script test3 USDCHF,H1: removed
