2	11:32:13.865	TakeProfitAndStopLoss AUDCAD,H1: modify #70930136 buy 0.01 GBPUSD at 1.33201 sl: 1.33226 tp: 1.33350 ok
0	11:32:13.876	TakeProfitAndStopLoss AUDCAD,H1: Order modified successfully.
2	11:32:23.435	TakeProfitAndStopLoss AUDCAD,H1: modify #70930136 buy 0.01 GBPUSD at 1.33201 sl: 1.33228 tp: 1.33350 ok
0	11:32:23.435	TakeProfitAndStopLoss AUDCAD,H1: Order modified successfully.
2	11:32:59.621	TakeProfitAndStopLoss AUDCAD,H1: modify #70930136 buy 0.01 GBPUSD at 1.33201 sl: 1.33229 tp: 1.33350 ok
0	11:32:59.621	TakeProfitAndStopLoss AUDCAD,H1: Order modified successfully.
2	11:33:18.591	TakeProfitAndStopLoss AUDCAD,H1: modify #70930136 buy 0.01 GBPUSD at 1.33201 sl: 1.33230 tp: 1.33350 ok
0	11:33:18.591	TakeProfitAndStopLoss AUDCAD,H1: Order modified successfully.
2	11:33:20.654	TakeProfitAndStopLoss AUDCAD,H1: modify #70930136 buy 0.01 GBPUSD at 1.33201 sl: 1.33231 tp: 1.33350 ok
0	11:33:20.654	TakeProfitAndStopLoss AUDCAD,H1: Order modified successfully.
2	11:33:31.030	TakeProfitAndStopLoss AUDCAD,H1: modify #70930136 buy 0.01 GBPUSD at 1.33201 sl: 1.33232 tp: 1.33350 ok
0	11:33:31.030	TakeProfitAndStopLoss AUDCAD,H1: Order modified successfully.
2	11:35:05.855	TakeProfitAndStopLoss AUDCAD,H1: modify #70930136 buy 0.01 GBPUSD at 1.33201 sl: 1.33233 tp: 1.33350 ok
0	11:35:05.855	TakeProfitAndStopLoss AUDCAD,H1: Order modified successfully.
2	11:35:06.011	TakeProfitAndStopLoss AUDCAD,H1: modify #70930136 buy 0.01 GBPUSD at 1.33201 sl: 1.33235 tp: 1.33350 ok
0	11:35:06.011	TakeProfitAndStopLoss AUDCAD,H1: Order modified successfully.
2	11:35:19.889	TakeProfitAndStopLoss AUDCAD,H1: modify #70930136 buy 0.01 GBPUSD at 1.33201 sl: 1.33236 tp: 1.33350 ok
0	11:35:19.889	TakeProfitAndStopLoss AUDCAD,H1: Order modified successfully.
2	11:35:43.911	TakeProfitAndStopLoss AUDCAD,H1: modify #70930136 buy 0.01 GBPUSD at 1.33201 sl: 1.33239 tp: 1.33350 ok
0	11:35:43.911	TakeProfitAndStopLoss AUDCAD,H1: Order modified successfully.
2	11:35:44.154	TakeProfitAndStopLoss AUDCAD,H1: modify #70930136 buy 0.01 GBPUSD at 1.33201 sl: 1.33241 tp: 1.33350 ok
0	11:35:44.154	TakeProfitAndStopLoss AUDCAD,H1: Order modified successfully.
2	11:35:44.325	TakeProfitAndStopLoss AUDCAD,H1: modify #70930136 buy 0.01 GBPUSD at 1.33201 sl: 1.33242 tp: 1.33350 ok
0	11:35:44.325	TakeProfitAndStopLoss AUDCAD,H1: Order modified successfully.
2	11:35:57.717	TakeProfitAndStopLoss AUDCAD,H1: modify #70930136 buy 0.01 GBPUSD at 1.33201 sl: 1.33243 tp: 1.33350 ok
0	11:35:57.717	TakeProfitAndStopLoss AUDCAD,H1: Order modified successfully.
2	11:38:18.189	TakeProfitAndStopLoss AUDCAD,H1: modify #70930136 buy 0.01 GBPUSD at 1.33201 sl: 1.33244 tp: 1.33350 ok
0	11:38:18.189	TakeProfitAndStopLoss AUDCAD,H1: Order modified successfully.
2	11:38:22.562	TakeProfitAndStopLoss AUDCAD,H1: modify #70930136 buy 0.01 GBPUSD at 1.33201 sl: 1.33245 tp: 1.33350 ok
0	11:38:22.562	TakeProfitAndStopLoss AUDCAD,H1: Order modified successfully.
2	11:40:40.421	TakeProfitAndStopLoss AUDCAD,H1: modify #70930136 buy 0.01 GBPUSD at 1.33201 sl: 1.33246 tp: 1.33350 ok
0	11:40:40.421	TakeProfitAndStopLoss AUDCAD,H1: Order modified successfully.
2	11:40:40.654	TakeProfitAndStopLoss AUDCAD,H1: modify #70930136 buy 0.01 GBPUSD at 1.33201 sl: 1.33247 tp: 1.33350 ok
0	11:40:40.654	TakeProfitAndStopLoss AUDCAD,H1: Order modified successfully.
2	11:40:41.233	TakeProfitAndStopLoss AUDCAD,H1: modify #70930136 buy 0.01 GBPUSD at 1.33201 sl: 1.33248 tp: 1.33350 ok
0	11:40:41.233	TakeProfitAndStopLoss AUDCAD,H1: Order modified successfully.
2	11:41:15.670	TakeProfitAndStopLoss AUDCAD,H1: modify #70930136 buy 0.01 GBPUSD at 1.33201 sl: 1.33249 tp: 1.33350 ok
0	11:41:15.670	TakeProfitAndStopLoss AUDCAD,H1: Order modified successfully.
2	11:43:39.268	TakeProfitAndStopLoss AUDCAD,H1: modify #70930136 buy 0.01 GBPUSD at 1.33201 sl: 1.33250 tp: 1.33350 ok
0	11:43:39.268	TakeProfitAndStopLoss AUDCAD,H1: Order modified successfully.
2	11:43:46.468	TakeProfitAndStopLoss AUDCAD,H1: modify #70930136 buy 0.01 GBPUSD at 1.33201 sl: 1.33252 tp: 1.33350 ok
0	11:43:46.468	TakeProfitAndStopLoss AUDCAD,H1: Order modified successfully.
2	11:43:46.610	TakeProfitAndStopLoss AUDCAD,H1: modify #70930136 buy 0.01 GBPUSD at 1.33201 sl: 1.33255 tp: 1.33350 ok
0	11:43:46.610	TakeProfitAndStopLoss AUDCAD,H1: Order modified successfully.
2	11:43:47.714	TakeProfitAndStopLoss AUDCAD,H1: modify #70930136 buy 0.01 GBPUSD at 1.33201 sl: 1.33256 tp: 1.33350 ok
0	11:43:47.714	TakeProfitAndStopLoss AUDCAD,H1: Order modified successfully.
2	11:43:54.141	TakeProfitAndStopLoss AUDCAD,H1: modify #70930136 buy 0.01 GBPUSD at 1.33201 sl: 1.33258 tp: 1.33350 ok
0	11:43:54.141	TakeProfitAndStopLoss AUDCAD,H1: Order modified successfully.
2	11:43:56.436	TakeProfitAndStopLoss AUDCAD,H1: modify #70930136 buy 0.01 GBPUSD at 1.33201 sl: 1.33260 tp: 1.33350 ok
0	11:43:56.436	TakeProfitAndStopLoss AUDCAD,H1: Order modified successfully.
2	11:43:56.657	TakeProfitAndStopLoss AUDCAD,H1: modify #70930136 buy 0.01 GBPUSD at 1.33201 sl: 1.33261 tp: 1.33350 ok
0	11:43:56.657	TakeProfitAndStopLoss AUDCAD,H1: Order modified successfully.
2	11:48:03.351	TakeProfitAndStopLoss AUDCAD,H1: modify #70930136 buy 0.01 GBPUSD at 1.33201 sl: 1.33267 tp: 1.33350 ok
0	11:48:03.351	TakeProfitAndStopLoss AUDCAD,H1: Order modified successfully.
2	11:48:05.312	TakeProfitAndStopLoss AUDCAD,H1: modify #70930136 buy 0.01 GBPUSD at 1.33201 sl: 1.33268 tp: 1.33350 ok
0	11:48:05.312	TakeProfitAndStopLoss AUDCAD,H1: Order modified successfully.
2	11:48:16.253	TakeProfitAndStopLoss AUDCAD,H1: modify #70930136 buy 0.01 GBPUSD at 1.33201 sl: 1.33269 tp: 1.33350 ok
0	11:48:16.253	TakeProfitAndStopLoss AUDCAD,H1: Order modified successfully.
2	11:48:19.939	TakeProfitAndStopLoss AUDCAD,H1: modify #70930136 buy 0.01 GBPUSD at 1.33201 sl: 1.33270 tp: 1.33350 ok
0	11:48:19.939	TakeProfitAndStopLoss AUDCAD,H1: Order modified successfully.
2	11:48:31.537	TakeProfitAndStopLoss AUDCAD,H1: modify #70930136 buy 0.01 GBPUSD at 1.33201 sl: 1.33271 tp: 1.33350 ok
0	11:48:31.537	TakeProfitAndStopLoss AUDCAD,H1: Order modified successfully.
2	11:48:34.579	TakeProfitAndStopLoss AUDCAD,H1: modify #70930136 buy 0.01 GBPUSD at 1.33201 sl: 1.33272 tp: 1.33350 ok
0	11:48:34.579	TakeProfitAndStopLoss AUDCAD,H1: Order modified successfully.
2	11:48:37.659	TakeProfitAndStopLoss AUDCAD,H1: modify #70930136 buy 0.01 GBPUSD at 1.33201 sl: 1.33274 tp: 1.33350 ok
0	11:48:37.659	TakeProfitAndStopLoss AUDCAD,H1: Order modified successfully.
2	11:48:40.375	TakeProfitAndStopLoss AUDCAD,H1: modify #70930136 buy 0.01 GBPUSD at 1.33201 sl: 1.33278 tp: 1.33350 ok
0	11:48:40.375	TakeProfitAndStopLoss AUDCAD,H1: Order modified successfully.
2	11:49:40.863	TakeProfitAndStopLoss AUDCAD,H1: modify #70930136 buy 0.01 GBPUSD at 1.33201 sl: 1.33279 tp: 1.33350 ok
0	11:49:40.863	TakeProfitAndStopLoss AUDCAD,H1: Order modified successfully.
2	11:50:32.595	TakeProfitAndStopLoss AUDCAD,H1: modify #70930136 buy 0.01 GBPUSD at 1.33201 sl: 1.33280 tp: 1.33350 ok
0	11:50:32.595	TakeProfitAndStopLoss AUDCAD,H1: Order modified successfully.
2	11:50:42.253	TakeProfitAndStopLoss AUDCAD,H1: modify #70930136 buy 0.01 GBPUSD at 1.33201 sl: 1.33282 tp: 1.33350 ok
0	11:50:42.253	TakeProfitAndStopLoss AUDCAD,H1: Order modified successfully.
2	11:52:14.439	TakeProfitAndStopLoss AUDCAD,H1: modify #70930136 buy 0.01 GBPUSD at 1.33201 sl: 1.33284 tp: 1.33350 ok
0	11:52:14.439	TakeProfitAndStopLoss AUDCAD,H1: Order modified successfully.
2	11:52:14.596	TakeProfitAndStopLoss AUDCAD,H1: modify #70930136 buy 0.01 GBPUSD at 1.33201 sl: 1.33287 tp: 1.33350 ok
0	11:52:14.596	TakeProfitAndStopLoss AUDCAD,H1: Order modified successfully.
2	11:52:15.041	TakeProfitAndStopLoss AUDCAD,H1: modify #70930136 buy 0.01 GBPUSD at 1.33201 sl: 1.33288 tp: 1.33350 ok
0	11:52:15.042	TakeProfitAndStopLoss AUDCAD,H1: Order modified successfully.
2	11:55:07.598	TakeProfitAndStopLoss AUDCAD,H1: modify #70930136 buy 0.01 GBPUSD at 1.33201 sl: 1.33289 tp: 1.33350 ok
0	11:55:07.598	TakeProfitAndStopLoss AUDCAD,H1: Order modified successfully.
2	11:55:28.565	TakeProfitAndStopLoss AUDCAD,H1: modify #70930136 buy 0.01 GBPUSD at 1.33201 sl: 1.33290 tp: 1.33350 ok
0	11:55:28.565	TakeProfitAndStopLoss AUDCAD,H1: Order modified successfully.
2	11:57:16.865	TakeProfitAndStopLoss AUDCAD,H1: modify #70930136 buy 0.01 GBPUSD at 1.33201 sl: 1.33291 tp: 1.33350 ok
0	11:57:16.865	TakeProfitAndStopLoss AUDCAD,H1: Order modified successfully.
2	11:57:18.378	TakeProfitAndStopLoss AUDCAD,H1: modify #70930136 buy 0.01 GBPUSD at 1.33201 sl: 1.33292 tp: 1.33350 ok
0	11:57:18.378	TakeProfitAndStopLoss AUDCAD,H1: Order modified successfully.
2	11:57:41.859	TakeProfitAndStopLoss AUDCAD,H1: modify #70930136 buy 0.01 GBPUSD at 1.33201 sl: 1.33295 tp: 1.33350 ok
0	11:57:41.859	TakeProfitAndStopLoss AUDCAD,H1: Order modified successfully.
2	11:57:42.007	TakeProfitAndStopLoss AUDCAD,H1: modify #70930136 buy 0.01 GBPUSD at 1.33201 sl: 1.33297 tp: 1.33350 ok
0	11:57:42.007	TakeProfitAndStopLoss AUDCAD,H1: Order modified successfully.
2	11:57:43.646	TakeProfitAndStopLoss AUDCAD,H1: modify #70930136 buy 0.01 GBPUSD at 1.33201 sl: 1.33298 tp: 1.33350 ok
0	11:57:43.646	TakeProfitAndStopLoss AUDCAD,H1: Order modified successfully.
0	12:52:02.161	TakeProfitAndStopLoss AUDCAD,H1: uninit reason 5
0	12:52:02.195	TakeProfitAndStopLoss AUDCAD,H1 inputs: MS=-------------ÒÆ¶¯Ö¹Ëð-------------; IsUseMS=true; Pricelimit=100.0; MovingStopLossStep=30.0; IsTrackSeclet=false; MagicNum=0; 
0	12:52:02.198	TakeProfitAndStopLoss AUDCAD,H1: initialized
0	17:32:35.430	TakeProfitAndStopLoss AUDCAD,H1: uninit reason 5
0	17:32:35.466	TakeProfitAndStopLoss AUDCAD,H1 inputs: MS=-------------ÒÆ¶¯Ö¹Ëð-------------; IsUseMS=true; Pricelimit=100.0; MovingStopLossStep=50.0; IsTrackSeclet=false; MagicNum=0; 
0	17:32:35.476	TakeProfitAndStopLoss AUDCAD,H1: initialized
0	21:10:25.139	SignalSend USDJPY,H1: uninit reason 9
0	21:10:25.141	TakeProfitAndStopLoss AUDCAD,H1: uninit reason 9
0	21:10:25.192	Expert SignalSend USDJPY,H1: removed
0	21:10:25.208	Expert TakeProfitAndStopLoss AUDCAD,H1: removed
0	21:13:30.294	Expert company _onlive\send_1.0\SignalSend USDJPY,H1: loaded successfully
0	21:13:30.294	SignalSend USDJPY,H1 inputs: EaName=407610636; 
0	21:13:30.381	Expert company_strategies\TpAndSl\TakeProfitAndStopLoss AUDCAD,H1: loaded successfully
0	21:13:30.381	TakeProfitAndStopLoss AUDCAD,H1 inputs: MS=-------------ÒÆ¶¯Ö¹Ëð-------------; IsUseMS=true; Pricelimit=100.0; MovingStopLossStep=50.0; IsTrackSeclet=false; MagicNum=0; 
0	21:13:34.068	SignalSend USDJPY,H1: initialized
0	21:13:34.068	TakeProfitAndStopLoss AUDCAD,H1: initialized
