0	13:36:16.053	TakeProfitAndStopLoss AUDCAD,H1: uninit reason 5
0	13:36:16.094	TakeProfitAndStopLoss AUDCAD,H1 inputs: MS=-------------ÒÆ¶¯Ö¹Ëð-------------; IsUseMS=true; Pricelimit=400.0; MovingStopLossStep=200.0; IsTrackSeclet=false; MagicNum=0; 
0	13:36:16.098	TakeProfitAndStopLoss AUDCAD,H1: initialized
0	16:39:40.001	TakeProfitAndStopLoss AUDCAD,H1: uninit reason 5
0	16:39:40.031	TakeProfitAndStopLoss AUDCAD,H1 inputs: MS=-------------ÒÆ¶¯Ö¹Ëð-------------; IsUseMS=true; Pricelimit=300.0; MovingStopLossStep=150.0; IsTrackSeclet=false; MagicNum=0; 
0	16:39:40.032	TakeProfitAndStopLoss AUDCAD,H1: initialized
0	16:48:25.041	TakeProfitAndStopLoss AUDCAD,H1: uninit reason 5
0	16:48:25.069	TakeProfitAndStopLoss AUDCAD,H1 inputs: MS=-------------ÒÆ¶¯Ö¹Ëð-------------; IsUseMS=true; Pricelimit=250.0; MovingStopLossStep=125.0; IsTrackSeclet=false; MagicNum=0; 
0	16:48:25.070	TakeProfitAndStopLoss AUDCAD,H1: initialized
2	21:24:41.485	TakeProfitAndStopLoss AUDCAD,H1: modify #70762558 sell 0.01 USDJPY at 109.695 sl: 109.568 tp: 0.000 ok
0	21:24:41.485	TakeProfitAndStopLoss AUDCAD,H1: Order modified successfully.
2	21:27:26.947	TakeProfitAndStopLoss AUDCAD,H1: modify #70762558 sell 0.01 USDJPY at 109.695 sl: 109.567 tp: 0.000 ok
0	21:27:26.947	TakeProfitAndStopLoss AUDCAD,H1: Order modified successfully.
2	21:27:27.148	TakeProfitAndStopLoss AUDCAD,H1: modify #70762558 sell 0.01 USDJPY at 109.695 sl: 109.560 tp: 0.000 ok
0	21:27:27.148	TakeProfitAndStopLoss AUDCAD,H1: Order modified successfully.
2	21:27:29.729	TakeProfitAndStopLoss AUDCAD,H1: modify #70762558 sell 0.01 USDJPY at 109.695 sl: 109.553 tp: 0.000 ok
0	21:27:29.729	TakeProfitAndStopLoss AUDCAD,H1: Order modified successfully.
2	21:27:29.881	TakeProfitAndStopLoss AUDCAD,H1: modify #70762558 sell 0.01 USDJPY at 109.695 sl: 109.550 tp: 0.000 ok
0	21:27:29.881	TakeProfitAndStopLoss AUDCAD,H1: Order modified successfully.
2	21:27:30.087	TakeProfitAndStopLoss AUDCAD,H1: modify #70762558 sell 0.01 USDJPY at 109.695 sl: 109.549 tp: 0.000 ok
0	21:27:30.087	TakeProfitAndStopLoss AUDCAD,H1: Order modified successfully.
2	21:27:30.258	TakeProfitAndStopLoss AUDCAD,H1: modify #70762558 sell 0.01 USDJPY at 109.695 sl: 109.547 tp: 0.000 ok
0	21:27:30.258	TakeProfitAndStopLoss AUDCAD,H1: Order modified successfully.
2	21:33:31.434	TakeProfitAndStopLoss AUDCAD,H1: modify #70762558 sell 0.01 USDJPY at 109.695 sl: 109.544 tp: 0.000 ok
0	21:33:31.434	TakeProfitAndStopLoss AUDCAD,H1: Order modified successfully.
2	21:33:31.588	TakeProfitAndStopLoss AUDCAD,H1: modify #70762558 sell 0.01 USDJPY at 109.695 sl: 109.543 tp: 0.000 ok
0	21:33:31.588	TakeProfitAndStopLoss AUDCAD,H1: Order modified successfully.
2	21:33:33.025	TakeProfitAndStopLoss AUDCAD,H1: modify #70762558 sell 0.01 USDJPY at 109.695 sl: 109.542 tp: 0.000 ok
0	21:33:33.025	TakeProfitAndStopLoss AUDCAD,H1: Order modified successfully.
2	21:33:33.182	TakeProfitAndStopLoss AUDCAD,H1: modify #70762558 sell 0.01 USDJPY at 109.695 sl: 109.540 tp: 0.000 ok
0	21:33:33.182	TakeProfitAndStopLoss AUDCAD,H1: Order modified successfully.
2	21:33:34.372	TakeProfitAndStopLoss AUDCAD,H1: modify #70762558 sell 0.01 USDJPY at 109.695 sl: 109.538 tp: 0.000 ok
0	21:33:34.372	TakeProfitAndStopLoss AUDCAD,H1: Order modified successfully.
2	21:43:57.863	TakeProfitAndStopLoss AUDCAD,H1: modify #70762558 sell 0.01 USDJPY at 109.695 sl: 109.532 tp: 0.000 ok
0	21:43:57.863	TakeProfitAndStopLoss AUDCAD,H1: Order modified successfully.
2	21:43:58.020	TakeProfitAndStopLoss AUDCAD,H1: modify #70762558 sell 0.01 USDJPY at 109.695 sl: 109.521 tp: 0.000 ok
0	21:43:58.020	TakeProfitAndStopLoss AUDCAD,H1: Order modified successfully.
2	21:43:58.175	TakeProfitAndStopLoss AUDCAD,H1: modify #70762558 sell 0.01 USDJPY at 109.695 sl: 109.516 tp: 0.000 ok
0	21:43:58.175	TakeProfitAndStopLoss AUDCAD,H1: Order modified successfully.
2	21:43:59.318	TakeProfitAndStopLoss AUDCAD,H1: modify #70762558 sell 0.01 USDJPY at 109.695 sl: 109.514 tp: 0.000 ok
0	21:43:59.318	TakeProfitAndStopLoss AUDCAD,H1: Order modified successfully.
2	21:44:05.869	TakeProfitAndStopLoss AUDCAD,H1: modify #70762558 sell 0.01 USDJPY at 109.695 sl: 109.507 tp: 0.000 ok
0	21:44:05.869	TakeProfitAndStopLoss AUDCAD,H1: Order modified successfully.
2	21:44:10.684	TakeProfitAndStopLoss AUDCAD,H1: modify #70762558 sell 0.01 USDJPY at 109.695 sl: 109.501 tp: 0.000 ok
0	21:44:10.684	TakeProfitAndStopLoss AUDCAD,H1: Order modified successfully.
2	21:44:11.301	TakeProfitAndStopLoss AUDCAD,H1: modify #70762558 sell 0.01 USDJPY at 109.695 sl: 109.495 tp: 0.000 ok
0	21:44:11.301	TakeProfitAndStopLoss AUDCAD,H1: Order modified successfully.
2	21:44:11.457	TakeProfitAndStopLoss AUDCAD,H1: modify #70762558 sell 0.01 USDJPY at 109.695 sl: 109.488 tp: 0.000 ok
0	21:44:11.457	TakeProfitAndStopLoss AUDCAD,H1: Order modified successfully.
2	21:44:13.724	TakeProfitAndStopLoss AUDCAD,H1: modify #70762558 sell 0.01 USDJPY at 109.695 sl: 109.467 tp: 0.000 ok
0	21:44:13.724	TakeProfitAndStopLoss AUDCAD,H1: Order modified successfully.
2	21:44:14.801	TakeProfitAndStopLoss AUDCAD,H1: modify #70762558 sell 0.01 USDJPY at 109.695 sl: 109.465 tp: 0.000 ok
0	21:44:14.801	TakeProfitAndStopLoss AUDCAD,H1: Order modified successfully.
2	21:44:14.974	TakeProfitAndStopLoss AUDCAD,H1: modify #70762558 sell 0.01 USDJPY at 109.695 sl: 109.461 tp: 0.000 ok
0	21:44:14.974	TakeProfitAndStopLoss AUDCAD,H1: Order modified successfully.
2	21:44:15.504	TakeProfitAndStopLoss AUDCAD,H1: modify #70762558 sell 0.01 USDJPY at 109.695 sl: 109.460 tp: 0.000 ok
0	21:44:15.504	TakeProfitAndStopLoss AUDCAD,H1: Order modified successfully.
2	21:44:16.028	TakeProfitAndStopLoss AUDCAD,H1: modify #70762558 sell 0.01 USDJPY at 109.695 sl: 109.459 tp: 0.000 ok
0	21:44:16.028	TakeProfitAndStopLoss AUDCAD,H1: Order modified successfully.
2	21:44:18.754	TakeProfitAndStopLoss AUDCAD,H1: modify #70762558 sell 0.01 USDJPY at 109.695 sl: 109.458 tp: 0.000 ok
0	21:44:18.754	TakeProfitAndStopLoss AUDCAD,H1: Order modified successfully.
2	21:44:19.239	TakeProfitAndStopLoss AUDCAD,H1: modify #70762558 sell 0.01 USDJPY at 109.695 sl: 109.454 tp: 0.000 ok
0	21:44:19.239	TakeProfitAndStopLoss AUDCAD,H1: Order modified successfully.
2	21:44:19.866	TakeProfitAndStopLoss AUDCAD,H1: modify #70762558 sell 0.01 USDJPY at 109.695 sl: 109.449 tp: 0.000 ok
0	21:44:19.866	TakeProfitAndStopLoss AUDCAD,H1: Order modified successfully.
2	21:44:20.628	TakeProfitAndStopLoss AUDCAD,H1: modify #70762558 sell 0.01 USDJPY at 109.695 sl: 109.433 tp: 0.000 ok
0	21:44:20.628	TakeProfitAndStopLoss AUDCAD,H1: Order modified successfully.
2	21:44:26.841	TakeProfitAndStopLoss AUDCAD,H1: modify #70762558 sell 0.01 USDJPY at 109.695 sl: 109.430 tp: 0.000 ok
0	21:44:26.841	TakeProfitAndStopLoss AUDCAD,H1: Order modified successfully.
2	21:44:28.082	TakeProfitAndStopLoss AUDCAD,H1: modify #70709545 sell 0.01 USDJPY at 109.553 sl: 109.420 tp: 109.287 ok
0	21:44:28.082	TakeProfitAndStopLoss AUDCAD,H1: Order modified successfully.
2	21:44:28.238	TakeProfitAndStopLoss AUDCAD,H1: modify #70762558 sell 0.01 USDJPY at 109.695 sl: 109.420 tp: 0.000 ok
0	21:44:28.238	TakeProfitAndStopLoss AUDCAD,H1: Order modified successfully.
2	21:44:28.395	TakeProfitAndStopLoss AUDCAD,H1: modify #70709545 sell 0.01 USDJPY at 109.553 sl: 109.419 tp: 109.287 ok
0	21:44:28.395	TakeProfitAndStopLoss AUDCAD,H1: Order modified successfully.
2	21:44:28.552	TakeProfitAndStopLoss AUDCAD,H1: modify #70762558 sell 0.01 USDJPY at 109.695 sl: 109.419 tp: 0.000 ok
0	21:44:28.552	TakeProfitAndStopLoss AUDCAD,H1: Order modified successfully.
2	21:44:29.880	TakeProfitAndStopLoss AUDCAD,H1: modify #70709545 sell 0.01 USDJPY at 109.553 sl: 109.416 tp: 109.287 ok
0	21:44:29.880	TakeProfitAndStopLoss AUDCAD,H1: Order modified successfully.
2	21:44:30.035	TakeProfitAndStopLoss AUDCAD,H1: modify #70762558 sell 0.01 USDJPY at 109.695 sl: 109.416 tp: 0.000 ok
0	21:44:30.035	TakeProfitAndStopLoss AUDCAD,H1: Order modified successfully.
2	21:44:30.771	TakeProfitAndStopLoss AUDCAD,H1: modify #70762558 sell 0.01 USDJPY at 109.695 sl: 109.409 tp: 0.000 ok
0	21:44:30.771	TakeProfitAndStopLoss AUDCAD,H1: Order modified successfully.
2	21:44:31.019	TakeProfitAndStopLoss AUDCAD,H1: modify #70762558 sell 0.01 USDJPY at 109.695 sl: 109.406 tp: 0.000 ok
0	21:44:31.019	TakeProfitAndStopLoss AUDCAD,H1: Order modified successfully.
2	21:44:32.099	TakeProfitAndStopLoss AUDCAD,H1: modify #70762558 sell 0.01 USDJPY at 109.695 sl: 109.400 tp: 0.000 ok
0	21:44:32.099	TakeProfitAndStopLoss AUDCAD,H1: Order modified successfully.
2	21:44:33.068	TakeProfitAndStopLoss AUDCAD,H1: modify #70762558 sell 0.01 USDJPY at 109.695 sl: 109.399 tp: 0.000 ok
0	21:44:33.068	TakeProfitAndStopLoss AUDCAD,H1: Order modified successfully.
2	21:44:37.458	TakeProfitAndStopLoss AUDCAD,H1: modify #70762558 sell 0.01 USDJPY at 109.695 sl: 109.395 tp: 0.000 ok
0	21:44:37.458	TakeProfitAndStopLoss AUDCAD,H1: Order modified successfully.
2	21:44:37.896	TakeProfitAndStopLoss AUDCAD,H1: modify #70762558 sell 0.01 USDJPY at 109.695 sl: 109.394 tp: 0.000 ok
0	21:44:37.896	TakeProfitAndStopLoss AUDCAD,H1: Order modified successfully.
2	21:47:23.903	TakeProfitAndStopLoss AUDCAD,H1: modify #70762558 sell 0.01 USDJPY at 109.695 sl: 109.391 tp: 0.000 ok
0	21:47:23.903	TakeProfitAndStopLoss AUDCAD,H1: Order modified successfully.
2	21:47:25.731	TakeProfitAndStopLoss AUDCAD,H1: modify #70762558 sell 0.01 USDJPY at 109.695 sl: 109.384 tp: 0.000 ok
0	21:47:25.731	TakeProfitAndStopLoss AUDCAD,H1: Order modified successfully.
2	21:47:29.668	TakeProfitAndStopLoss AUDCAD,H1: modify #70762558 sell 0.01 USDJPY at 109.695 sl: 109.381 tp: 0.000 ok
0	21:47:29.668	TakeProfitAndStopLoss AUDCAD,H1: Order modified successfully.
2	21:47:30.121	TakeProfitAndStopLoss AUDCAD,H1: modify #70762558 sell 0.01 USDJPY at 109.695 sl: 109.378 tp: 0.000 ok
0	21:47:30.121	TakeProfitAndStopLoss AUDCAD,H1: Order modified successfully.
2	21:47:31.574	TakeProfitAndStopLoss AUDCAD,H1: modify #70762558 sell 0.01 USDJPY at 109.695 sl: 109.365 tp: 0.000 ok
0	21:47:31.574	TakeProfitAndStopLoss AUDCAD,H1: Order modified successfully.
2	21:47:54.278	TakeProfitAndStopLoss AUDCAD,H1: modify #70762558 sell 0.01 USDJPY at 109.695 sl: 109.364 tp: 0.000 ok
0	21:47:54.278	TakeProfitAndStopLoss AUDCAD,H1: Order modified successfully.
2	21:47:55.262	TakeProfitAndStopLoss AUDCAD,H1: modify #70762558 sell 0.01 USDJPY at 109.695 sl: 109.362 tp: 0.000 ok
0	21:47:55.262	TakeProfitAndStopLoss AUDCAD,H1: Order modified successfully.
2	21:50:10.135	TakeProfitAndStopLoss AUDCAD,H1: modify #70762558 sell 0.01 USDJPY at 109.695 sl: 109.361 tp: 0.000 ok
0	21:50:10.135	TakeProfitAndStopLoss AUDCAD,H1: Order modified successfully.
2	21:50:11.289	TakeProfitAndStopLoss AUDCAD,H1: modify #70762558 sell 0.01 USDJPY at 109.695 sl: 109.360 tp: 0.000 ok
0	21:50:11.289	TakeProfitAndStopLoss AUDCAD,H1: Order modified successfully.
2	21:50:11.742	TakeProfitAndStopLoss AUDCAD,H1: modify #70762558 sell 0.01 USDJPY at 109.695 sl: 109.359 tp: 0.000 ok
0	21:50:11.742	TakeProfitAndStopLoss AUDCAD,H1: Order modified successfully.
2	21:50:12.387	TakeProfitAndStopLoss AUDCAD,H1: modify #70762558 sell 0.01 USDJPY at 109.695 sl: 109.358 tp: 0.000 ok
0	21:50:12.387	TakeProfitAndStopLoss AUDCAD,H1: Order modified successfully.
2	21:50:13.086	TakeProfitAndStopLoss AUDCAD,H1: modify #70762558 sell 0.01 USDJPY at 109.695 sl: 109.356 tp: 0.000 ok
0	21:50:13.086	TakeProfitAndStopLoss AUDCAD,H1: Order modified successfully.
2	21:50:13.575	TakeProfitAndStopLoss AUDCAD,H1: modify #70762558 sell 0.01 USDJPY at 109.695 sl: 109.353 tp: 0.000 ok
0	21:50:13.575	TakeProfitAndStopLoss AUDCAD,H1: Order modified successfully.
2	21:50:14.592	TakeProfitAndStopLoss AUDCAD,H1: modify #70762558 sell 0.01 USDJPY at 109.695 sl: 109.352 tp: 0.000 ok
0	21:50:14.592	TakeProfitAndStopLoss AUDCAD,H1: Order modified successfully.
2	21:50:27.761	TakeProfitAndStopLoss AUDCAD,H1: modify #70762558 sell 0.01 USDJPY at 109.695 sl: 109.350 tp: 0.000 ok
0	21:50:27.761	TakeProfitAndStopLoss AUDCAD,H1: Order modified successfully.
2	21:50:28.783	TakeProfitAndStopLoss AUDCAD,H1: modify #70762558 sell 0.01 USDJPY at 109.695 sl: 109.347 tp: 0.000 ok
0	21:50:28.783	TakeProfitAndStopLoss AUDCAD,H1: Order modified successfully.
2	21:50:29.226	TakeProfitAndStopLoss AUDCAD,H1: modify #70762558 sell 0.01 USDJPY at 109.695 sl: 109.344 tp: 0.000 ok
0	21:50:29.226	TakeProfitAndStopLoss AUDCAD,H1: Order modified successfully.
2	21:50:30.554	TakeProfitAndStopLoss AUDCAD,H1: modify #70762558 sell 0.01 USDJPY at 109.695 sl: 109.343 tp: 0.000 ok
0	21:50:30.554	TakeProfitAndStopLoss AUDCAD,H1: Order modified successfully.
2	21:50:31.510	TakeProfitAndStopLoss AUDCAD,H1: modify #70762558 sell 0.01 USDJPY at 109.695 sl: 109.341 tp: 0.000 ok
0	21:50:31.510	TakeProfitAndStopLoss AUDCAD,H1: Order modified successfully.
2	21:50:33.195	TakeProfitAndStopLoss AUDCAD,H1: modify #70762558 sell 0.01 USDJPY at 109.695 sl: 109.340 tp: 0.000 ok
0	21:50:33.195	TakeProfitAndStopLoss AUDCAD,H1: Order modified successfully.
2	21:50:33.964	TakeProfitAndStopLoss AUDCAD,H1: modify #70762558 sell 0.01 USDJPY at 109.695 sl: 109.339 tp: 0.000 ok
0	21:50:33.964	TakeProfitAndStopLoss AUDCAD,H1: Order modified successfully.
2	21:50:38.353	TakeProfitAndStopLoss AUDCAD,H1: modify #70762558 sell 0.01 USDJPY at 109.695 sl: 109.332 tp: 0.000 ok
0	21:50:38.353	TakeProfitAndStopLoss AUDCAD,H1: Order modified successfully.
2	21:50:40.440	TakeProfitAndStopLoss AUDCAD,H1: modify #70762558 sell 0.01 USDJPY at 109.695 sl: 109.329 tp: 0.000 ok
0	21:50:40.440	TakeProfitAndStopLoss AUDCAD,H1: Order modified successfully.
2	21:50:41.600	TakeProfitAndStopLoss AUDCAD,H1: modify #70762558 sell 0.01 USDJPY at 109.695 sl: 109.328 tp: 0.000 ok
0	21:50:41.600	TakeProfitAndStopLoss AUDCAD,H1: Order modified successfully.
2	21:50:45.552	TakeProfitAndStopLoss AUDCAD,H1: modify #70762558 sell 0.01 USDJPY at 109.695 sl: 109.327 tp: 0.000 ok
0	21:50:45.552	TakeProfitAndStopLoss AUDCAD,H1: Order modified successfully.
2	21:50:46.052	TakeProfitAndStopLoss AUDCAD,H1: modify #70762558 sell 0.01 USDJPY at 109.695 sl: 109.326 tp: 0.000 ok
0	21:50:46.052	TakeProfitAndStopLoss AUDCAD,H1: Order modified successfully.
2	21:50:46.671	TakeProfitAndStopLoss AUDCAD,H1: modify #70762558 sell 0.01 USDJPY at 109.695 sl: 109.323 tp: 0.000 ok
0	21:50:46.671	TakeProfitAndStopLoss AUDCAD,H1: Order modified successfully.
2	21:50:47.352	TakeProfitAndStopLoss AUDCAD,H1: modify #70762558 sell 0.01 USDJPY at 109.695 sl: 109.322 tp: 0.000 ok
0	21:50:47.352	TakeProfitAndStopLoss AUDCAD,H1: Order modified successfully.
2	21:50:47.995	TakeProfitAndStopLoss AUDCAD,H1: modify #70762558 sell 0.01 USDJPY at 109.695 sl: 109.321 tp: 0.000 ok
0	21:50:47.995	TakeProfitAndStopLoss AUDCAD,H1: Order modified successfully.
2	21:50:48.450	TakeProfitAndStopLoss AUDCAD,H1: modify #70762558 sell 0.01 USDJPY at 109.695 sl: 109.317 tp: 0.000 ok
0	21:50:48.450	TakeProfitAndStopLoss AUDCAD,H1: Order modified successfully.
2	21:50:50.123	TakeProfitAndStopLoss AUDCAD,H1: modify #70762558 sell 0.01 USDJPY at 109.695 sl: 109.312 tp: 0.000 ok
0	21:50:50.123	TakeProfitAndStopLoss AUDCAD,H1: Order modified successfully.
2	21:50:50.930	TakeProfitAndStopLoss AUDCAD,H1: modify #70762558 sell 0.01 USDJPY at 109.695 sl: 109.311 tp: 0.000 ok
0	21:50:50.930	TakeProfitAndStopLoss AUDCAD,H1: Order modified successfully.
2	21:50:54.052	TakeProfitAndStopLoss AUDCAD,H1: modify #70762558 sell 0.01 USDJPY at 109.695 sl: 109.309 tp: 0.000 ok
0	21:50:54.052	TakeProfitAndStopLoss AUDCAD,H1: Order modified successfully.
2	21:50:54.550	TakeProfitAndStopLoss AUDCAD,H1: modify #70762558 sell 0.01 USDJPY at 109.695 sl: 109.307 tp: 0.000 ok
0	21:50:54.550	TakeProfitAndStopLoss AUDCAD,H1: Order modified successfully.
2	21:50:55.883	TakeProfitAndStopLoss AUDCAD,H1: modify #70762558 sell 0.01 USDJPY at 109.695 sl: 109.305 tp: 0.000 ok
0	21:50:55.883	TakeProfitAndStopLoss AUDCAD,H1: Order modified successfully.
2	21:55:54.229	TakeProfitAndStopLoss AUDCAD,H1: modify #70762558 sell 0.01 USDJPY at 109.695 sl: 109.304 tp: 0.000 ok
0	21:55:54.229	TakeProfitAndStopLoss AUDCAD,H1: Order modified successfully.
2	21:55:55.539	TakeProfitAndStopLoss AUDCAD,H1: modify #70762558 sell 0.01 USDJPY at 109.695 sl: 109.303 tp: 0.000 ok
0	21:55:55.539	TakeProfitAndStopLoss AUDCAD,H1: Order modified successfully.
2	21:56:29.869	TakeProfitAndStopLoss AUDCAD,H1: modify #70762558 sell 0.01 USDJPY at 109.695 sl: 109.302 tp: 0.000 ok
0	21:56:29.869	TakeProfitAndStopLoss AUDCAD,H1: Order modified successfully.
2	21:56:31.315	TakeProfitAndStopLoss AUDCAD,H1: modify #70762558 sell 0.01 USDJPY at 109.695 sl: 109.301 tp: 0.000 ok
0	21:56:31.315	TakeProfitAndStopLoss AUDCAD,H1: Order modified successfully.
2	21:56:32.247	TakeProfitAndStopLoss AUDCAD,H1: modify #70762558 sell 0.01 USDJPY at 109.695 sl: 109.299 tp: 0.000 ok
0	21:56:32.247	TakeProfitAndStopLoss AUDCAD,H1: Order modified successfully.
2	21:56:33.558	TakeProfitAndStopLoss AUDCAD,H1: modify #70762558 sell 0.01 USDJPY at 109.695 sl: 109.297 tp: 0.000 ok
0	21:56:33.558	TakeProfitAndStopLoss AUDCAD,H1: Order modified successfully.
2	21:56:34.124	TakeProfitAndStopLoss AUDCAD,H1: modify #70762558 sell 0.01 USDJPY at 109.695 sl: 109.295 tp: 0.000 ok
0	21:56:34.124	TakeProfitAndStopLoss AUDCAD,H1: Order modified successfully.
2	21:56:34.624	TakeProfitAndStopLoss AUDCAD,H1: modify #70762558 sell 0.01 USDJPY at 109.695 sl: 109.294 tp: 0.000 ok
0	21:56:34.624	TakeProfitAndStopLoss AUDCAD,H1: Order modified successfully.
2	21:56:35.109	TakeProfitAndStopLoss AUDCAD,H1: modify #70762558 sell 0.01 USDJPY at 109.695 sl: 109.293 tp: 0.000 ok
0	21:56:35.109	TakeProfitAndStopLoss AUDCAD,H1: Order modified successfully.
2	21:56:35.653	TakeProfitAndStopLoss AUDCAD,H1: modify #70762558 sell 0.01 USDJPY at 109.695 sl: 109.292 tp: 0.000 ok
0	21:56:35.653	TakeProfitAndStopLoss AUDCAD,H1: Order modified successfully.
2	21:56:39.163	TakeProfitAndStopLoss AUDCAD,H1: modify #70762558 sell 0.01 USDJPY at 109.695 sl: 109.291 tp: 0.000 ok
0	21:56:39.163	TakeProfitAndStopLoss AUDCAD,H1: Order modified successfully.
2	21:57:43.572	TakeProfitAndStopLoss AUDCAD,H1: modify #70762558 sell 0.01 USDJPY at 109.695 sl: 109.288 tp: 0.000 ok
0	21:57:43.572	TakeProfitAndStopLoss AUDCAD,H1: Order modified successfully.
2	21:57:45.394	TakeProfitAndStopLoss AUDCAD,H1: modify #70762558 sell 0.01 USDJPY at 109.695 sl: 109.284 tp: 0.000 ok
0	21:57:45.394	TakeProfitAndStopLoss AUDCAD,H1: Order modified successfully.
2	21:57:47.795	TakeProfitAndStopLoss AUDCAD,H1: modify #70762558 sell 0.01 USDJPY at 109.695 sl: 109.283 tp: 0.000 ok
0	21:57:47.795	TakeProfitAndStopLoss AUDCAD,H1: Order modified successfully.
2	21:57:48.192	TakeProfitAndStopLoss AUDCAD,H1: modify #70762558 sell 0.01 USDJPY at 109.695 sl: 109.282 tp: 0.000 ok
0	21:57:48.192	TakeProfitAndStopLoss AUDCAD,H1: Order modified successfully.
2	21:57:51.696	TakeProfitAndStopLoss AUDCAD,H1: modify #70762558 sell 0.01 USDJPY at 109.695 sl: 109.281 tp: 0.000 ok
0	21:57:51.696	TakeProfitAndStopLoss AUDCAD,H1: Order modified successfully.
2	21:57:52.135	TakeProfitAndStopLoss AUDCAD,H1: modify #70762558 sell 0.01 USDJPY at 109.695 sl: 109.278 tp: 0.000 ok
0	21:57:52.135	TakeProfitAndStopLoss AUDCAD,H1: Order modified successfully.
2	21:57:52.599	TakeProfitAndStopLoss AUDCAD,H1: modify #70762558 sell 0.01 USDJPY at 109.695 sl: 109.270 tp: 0.000 ok
0	21:57:52.599	TakeProfitAndStopLoss AUDCAD,H1: Order modified successfully.
2	21:58:00.031	TakeProfitAndStopLoss AUDCAD,H1: modify #70762558 sell 0.01 USDJPY at 109.695 sl: 109.268 tp: 0.000 ok
0	21:58:00.031	TakeProfitAndStopLoss AUDCAD,H1: Order modified successfully.
2	21:58:00.525	TakeProfitAndStopLoss AUDCAD,H1: modify #70762558 sell 0.01 USDJPY at 109.695 sl: 109.267 tp: 0.000 ok
0	21:58:00.525	TakeProfitAndStopLoss AUDCAD,H1: Order modified successfully.
2	21:58:08.702	TakeProfitAndStopLoss AUDCAD,H1: modify #70762558 sell 0.01 USDJPY at 109.695 sl: 109.266 tp: 0.000 ok
0	21:58:08.702	TakeProfitAndStopLoss AUDCAD,H1: Order modified successfully.
2	21:58:10.274	TakeProfitAndStopLoss AUDCAD,H1: modify #70762558 sell 0.01 USDJPY at 109.695 sl: 109.265 tp: 0.000 ok
0	21:58:10.274	TakeProfitAndStopLoss AUDCAD,H1: Order modified successfully.
2	21:58:10.809	TakeProfitAndStopLoss AUDCAD,H1: modify #70762558 sell 0.01 USDJPY at 109.695 sl: 109.258 tp: 0.000 ok
0	21:58:10.809	TakeProfitAndStopLoss AUDCAD,H1: Order modified successfully.
2	21:58:11.251	TakeProfitAndStopLoss AUDCAD,H1: modify #70762558 sell 0.01 USDJPY at 109.695 sl: 109.254 tp: 0.000 ok
0	21:58:11.251	TakeProfitAndStopLoss AUDCAD,H1: Order modified successfully.
2	21:59:07.067	TakeProfitAndStopLoss AUDCAD,H1: modify #70762558 sell 0.01 USDJPY at 109.695 sl: 109.252 tp: 0.000 ok
0	21:59:07.067	TakeProfitAndStopLoss AUDCAD,H1: Order modified successfully.
2	21:59:11.796	TakeProfitAndStopLoss AUDCAD,H1: modify #70762558 sell 0.01 USDJPY at 109.695 sl: 109.245 tp: 0.000 ok
0	21:59:11.796	TakeProfitAndStopLoss AUDCAD,H1: Order modified successfully.
2	21:59:12.730	TakeProfitAndStopLoss AUDCAD,H1: modify #70762558 sell 0.01 USDJPY at 109.695 sl: 109.244 tp: 0.000 ok
0	21:59:12.730	TakeProfitAndStopLoss AUDCAD,H1: Order modified successfully.
2	21:59:13.731	TakeProfitAndStopLoss AUDCAD,H1: modify #70762558 sell 0.01 USDJPY at 109.695 sl: 109.243 tp: 0.000 ok
0	21:59:13.731	TakeProfitAndStopLoss AUDCAD,H1: Order modified successfully.
2	21:59:14.823	TakeProfitAndStopLoss AUDCAD,H1: modify #70762558 sell 0.01 USDJPY at 109.695 sl: 109.242 tp: 0.000 ok
0	21:59:14.823	TakeProfitAndStopLoss AUDCAD,H1: Order modified successfully.
2	21:59:26.413	TakeProfitAndStopLoss AUDCAD,H1: modify #70762558 sell 0.01 USDJPY at 109.695 sl: 109.240 tp: 0.000 ok
0	21:59:26.413	TakeProfitAndStopLoss AUDCAD,H1: Order modified successfully.
2	21:59:29.829	TakeProfitAndStopLoss AUDCAD,H1: modify #70762558 sell 0.01 USDJPY at 109.695 sl: 109.235 tp: 0.000 ok
0	21:59:29.830	TakeProfitAndStopLoss AUDCAD,H1: Order modified successfully.
2	22:24:47.993	TakeProfitAndStopLoss AUDCAD,H1: modify #70762558 sell 0.01 USDJPY at 109.695 sl: 109.233 tp: 0.000 ok
0	22:24:47.993	TakeProfitAndStopLoss AUDCAD,H1: Order modified successfully.
2	22:24:48.650	TakeProfitAndStopLoss AUDCAD,H1: modify #70762558 sell 0.01 USDJPY at 109.695 sl: 109.228 tp: 0.000 ok
0	22:24:48.650	TakeProfitAndStopLoss AUDCAD,H1: Order modified successfully.
2	22:25:03.809	TakeProfitAndStopLoss AUDCAD,H1: modify #70762558 sell 0.01 USDJPY at 109.695 sl: 109.227 tp: 0.000 ok
0	22:25:03.809	TakeProfitAndStopLoss AUDCAD,H1: Order modified successfully.
2	22:25:10.782	TakeProfitAndStopLoss AUDCAD,H1: modify #70762558 sell 0.01 USDJPY at 109.695 sl: 109.224 tp: 0.000 ok
0	22:25:10.782	TakeProfitAndStopLoss AUDCAD,H1: Order modified successfully.
2	22:25:11.256	TakeProfitAndStopLoss AUDCAD,H1: modify #70762558 sell 0.01 USDJPY at 109.695 sl: 109.221 tp: 0.000 ok
0	22:25:11.256	TakeProfitAndStopLoss AUDCAD,H1: Order modified successfully.
2	22:25:13.029	TakeProfitAndStopLoss AUDCAD,H1: modify #70762558 sell 0.01 USDJPY at 109.695 sl: 109.219 tp: 0.000 ok
0	22:25:13.029	TakeProfitAndStopLoss AUDCAD,H1: Order modified successfully.
2	22:25:13.994	TakeProfitAndStopLoss AUDCAD,H1: modify #70762558 sell 0.01 USDJPY at 109.695 sl: 109.216 tp: 0.000 ok
0	22:25:13.994	TakeProfitAndStopLoss AUDCAD,H1: Order modified successfully.
2	22:25:14.647	TakeProfitAndStopLoss AUDCAD,H1: modify #70762558 sell 0.01 USDJPY at 109.695 sl: 109.215 tp: 0.000 ok
0	22:25:14.647	TakeProfitAndStopLoss AUDCAD,H1: Order modified successfully.
2	22:25:17.822	TakeProfitAndStopLoss AUDCAD,H1: modify #70762558 sell 0.01 USDJPY at 109.695 sl: 109.214 tp: 0.000 ok
0	22:25:17.822	TakeProfitAndStopLoss AUDCAD,H1: Order modified successfully.
2	22:25:18.698	TakeProfitAndStopLoss AUDCAD,H1: modify #70762558 sell 0.01 USDJPY at 109.695 sl: 109.213 tp: 0.000 ok
0	22:25:18.698	TakeProfitAndStopLoss AUDCAD,H1: Order modified successfully.
2	22:25:19.383	TakeProfitAndStopLoss AUDCAD,H1: modify #70762558 sell 0.01 USDJPY at 109.695 sl: 109.211 tp: 0.000 ok
0	22:25:19.383	TakeProfitAndStopLoss AUDCAD,H1: Order modified successfully.
2	22:25:21.939	TakeProfitAndStopLoss AUDCAD,H1: modify #70762558 sell 0.01 USDJPY at 109.695 sl: 109.209 tp: 0.000 ok
0	22:25:21.939	TakeProfitAndStopLoss AUDCAD,H1: Order modified successfully.
2	22:25:24.413	TakeProfitAndStopLoss AUDCAD,H1: modify #70762558 sell 0.01 USDJPY at 109.695 sl: 109.204 tp: 0.000 ok
0	22:25:24.413	TakeProfitAndStopLoss AUDCAD,H1: Order modified successfully.
2	22:28:13.466	TakeProfitAndStopLoss AUDCAD,H1: modify #70762558 sell 0.01 USDJPY at 109.695 sl: 109.202 tp: 0.000 ok
0	22:28:13.466	TakeProfitAndStopLoss AUDCAD,H1: Order modified successfully.
2	22:28:15.908	TakeProfitAndStopLoss AUDCAD,H1: modify #70762558 sell 0.01 USDJPY at 109.695 sl: 109.201 tp: 0.000 ok
0	22:28:15.908	TakeProfitAndStopLoss AUDCAD,H1: Order modified successfully.
2	22:28:18.109	TakeProfitAndStopLoss AUDCAD,H1: modify #70762558 sell 0.01 USDJPY at 109.695 sl: 109.200 tp: 0.000 ok
0	22:28:18.109	TakeProfitAndStopLoss AUDCAD,H1: Order modified successfully.
2	22:28:18.793	TakeProfitAndStopLoss AUDCAD,H1: modify #70762558 sell 0.01 USDJPY at 109.695 sl: 109.199 tp: 0.000 ok
0	22:28:18.793	TakeProfitAndStopLoss AUDCAD,H1: Order modified successfully.
2	22:28:19.216	TakeProfitAndStopLoss AUDCAD,H1: modify #70762558 sell 0.01 USDJPY at 109.695 sl: 109.198 tp: 0.000 ok
0	22:28:19.216	TakeProfitAndStopLoss AUDCAD,H1: Order modified successfully.
2	22:28:25.524	TakeProfitAndStopLoss AUDCAD,H1: modify #70762558 sell 0.01 USDJPY at 109.695 sl: 109.197 tp: 0.000 ok
0	22:28:25.524	TakeProfitAndStopLoss AUDCAD,H1: Order modified successfully.
2	22:28:27.566	TakeProfitAndStopLoss AUDCAD,H1: modify #70762558 sell 0.01 USDJPY at 109.695 sl: 109.196 tp: 0.000 ok
0	22:28:27.566	TakeProfitAndStopLoss AUDCAD,H1: Order modified successfully.
2	22:31:52.102	TakeProfitAndStopLoss AUDCAD,H1: modify #70762558 sell 0.01 USDJPY at 109.695 sl: 109.194 tp: 0.000 ok
0	22:31:52.102	TakeProfitAndStopLoss AUDCAD,H1: Order modified successfully.
2	22:31:52.608	TakeProfitAndStopLoss AUDCAD,H1: modify #70762558 sell 0.01 USDJPY at 109.695 sl: 109.193 tp: 0.000 ok
0	22:31:52.608	TakeProfitAndStopLoss AUDCAD,H1: Order modified successfully.
2	22:32:42.751	TakeProfitAndStopLoss AUDCAD,H1: modify #70762558 sell 0.01 USDJPY at 109.695 sl: 109.189 tp: 0.000 ok
0	22:32:42.751	TakeProfitAndStopLoss AUDCAD,H1: Order modified successfully.
2	22:32:44.853	TakeProfitAndStopLoss AUDCAD,H1: modify #70762558 sell 0.01 USDJPY at 109.695 sl: 109.188 tp: 0.000 ok
0	22:32:44.853	TakeProfitAndStopLoss AUDCAD,H1: Order modified successfully.
2	22:32:51.132	TakeProfitAndStopLoss AUDCAD,H1: modify #70762558 sell 0.01 USDJPY at 109.695 sl: 109.186 tp: 0.000 ok
0	22:32:51.132	TakeProfitAndStopLoss AUDCAD,H1: Order modified successfully.
2	22:32:53.511	TakeProfitAndStopLoss AUDCAD,H1: modify #70762558 sell 0.01 USDJPY at 109.695 sl: 109.185 tp: 0.000 ok
0	22:32:53.511	TakeProfitAndStopLoss AUDCAD,H1: Order modified successfully.
2	22:32:54.013	TakeProfitAndStopLoss AUDCAD,H1: modify #70762558 sell 0.01 USDJPY at 109.695 sl: 109.184 tp: 0.000 ok
0	22:32:54.013	TakeProfitAndStopLoss AUDCAD,H1: Order modified successfully.
2	22:32:54.520	TakeProfitAndStopLoss AUDCAD,H1: modify #70762558 sell 0.01 USDJPY at 109.695 sl: 109.179 tp: 0.000 ok
0	22:32:54.520	TakeProfitAndStopLoss AUDCAD,H1: Order modified successfully.
2	22:32:54.997	TakeProfitAndStopLoss AUDCAD,H1: modify #70762558 sell 0.01 USDJPY at 109.695 sl: 109.176 tp: 0.000 ok
0	22:32:54.997	TakeProfitAndStopLoss AUDCAD,H1: Order modified successfully.
2	22:32:55.469	TakeProfitAndStopLoss AUDCAD,H1: modify #70762558 sell 0.01 USDJPY at 109.695 sl: 109.174 tp: 0.000 ok
0	22:32:55.469	TakeProfitAndStopLoss AUDCAD,H1: Order modified successfully.
2	22:32:57.268	TakeProfitAndStopLoss AUDCAD,H1: modify #70762558 sell 0.01 USDJPY at 109.695 sl: 109.172 tp: 0.000 ok
0	22:32:57.268	TakeProfitAndStopLoss AUDCAD,H1: Order modified successfully.
2	22:33:00.372	TakeProfitAndStopLoss AUDCAD,H1: modify #70762558 sell 0.01 USDJPY at 109.695 sl: 109.171 tp: 0.000 ok
0	22:33:00.372	TakeProfitAndStopLoss AUDCAD,H1: Order modified successfully.
2	22:33:37.415	TakeProfitAndStopLoss AUDCAD,H1: modify #70762558 sell 0.01 USDJPY at 109.695 sl: 109.170 tp: 0.000 ok
0	22:33:37.415	TakeProfitAndStopLoss AUDCAD,H1: Order modified successfully.
2	22:33:38.021	TakeProfitAndStopLoss AUDCAD,H1: modify #70762558 sell 0.01 USDJPY at 109.695 sl: 109.169 tp: 0.000 ok
0	22:33:38.021	TakeProfitAndStopLoss AUDCAD,H1: Order modified successfully.
2	22:33:40.771	TakeProfitAndStopLoss AUDCAD,H1: modify #70762558 sell 0.01 USDJPY at 109.695 sl: 109.160 tp: 0.000 ok
0	22:33:40.771	TakeProfitAndStopLoss AUDCAD,H1: Order modified successfully.
2	22:33:42.037	TakeProfitAndStopLoss AUDCAD,H1: modify #70762558 sell 0.01 USDJPY at 109.695 sl: 109.159 tp: 0.000 ok
0	22:33:42.037	TakeProfitAndStopLoss AUDCAD,H1: Order modified successfully.
2	22:33:43.123	TakeProfitAndStopLoss AUDCAD,H1: modify #70762558 sell 0.01 USDJPY at 109.695 sl: 109.158 tp: 0.000 ok
0	22:33:43.123	TakeProfitAndStopLoss AUDCAD,H1: Order modified successfully.
2	22:33:43.576	TakeProfitAndStopLoss AUDCAD,H1: modify #70762558 sell 0.01 USDJPY at 109.695 sl: 109.153 tp: 0.000 ok
0	22:33:43.576	TakeProfitAndStopLoss AUDCAD,H1: Order modified successfully.
2	22:33:44.859	TakeProfitAndStopLoss AUDCAD,H1: modify #70762558 sell 0.01 USDJPY at 109.695 sl: 109.149 tp: 0.000 ok
0	22:33:44.859	TakeProfitAndStopLoss AUDCAD,H1: Order modified successfully.
2	22:33:45.566	TakeProfitAndStopLoss AUDCAD,H1: modify #70762558 sell 0.01 USDJPY at 109.695 sl: 109.148 tp: 0.000 ok
0	22:33:45.566	TakeProfitAndStopLoss AUDCAD,H1: Order modified successfully.
2	22:33:46.567	TakeProfitAndStopLoss AUDCAD,H1: modify #70762558 sell 0.01 USDJPY at 109.695 sl: 109.145 tp: 0.000 ok
0	22:33:46.567	TakeProfitAndStopLoss AUDCAD,H1: Order modified successfully.
2	22:33:47.019	TakeProfitAndStopLoss AUDCAD,H1: modify #70762558 sell 0.01 USDJPY at 109.695 sl: 109.138 tp: 0.000 ok
0	22:33:47.019	TakeProfitAndStopLoss AUDCAD,H1: Order modified successfully.
2	22:33:47.645	TakeProfitAndStopLoss AUDCAD,H1: modify #70762558 sell 0.01 USDJPY at 109.695 sl: 109.137 tp: 0.000 ok
0	22:33:47.645	TakeProfitAndStopLoss AUDCAD,H1: Order modified successfully.
2	22:33:48.107	TakeProfitAndStopLoss AUDCAD,H1: modify #70762558 sell 0.01 USDJPY at 109.695 sl: 109.129 tp: 0.000 ok
0	22:33:48.107	TakeProfitAndStopLoss AUDCAD,H1: Order modified successfully.
2	22:34:17.357	TakeProfitAndStopLoss AUDCAD,H1: modify #70762558 sell 0.01 USDJPY at 109.695 sl: 109.128 tp: 0.000 ok
0	22:34:17.357	TakeProfitAndStopLoss AUDCAD,H1: Order modified successfully.
2	22:34:17.996	TakeProfitAndStopLoss AUDCAD,H1: modify #70762558 sell 0.01 USDJPY at 109.695 sl: 109.127 tp: 0.000 ok
0	22:34:17.996	TakeProfitAndStopLoss AUDCAD,H1: Order modified successfully.
2	22:34:19.273	TakeProfitAndStopLoss AUDCAD,H1: modify #70762558 sell 0.01 USDJPY at 109.695 sl: 109.124 tp: 0.000 ok
0	22:34:19.273	TakeProfitAndStopLoss AUDCAD,H1: Order modified successfully.
