0	13:14:47.512	Compiling 'MACD Sample'
0	13:14:47.512	Compiling 'Moving Average'
0	13:14:47.513	Compiling 'test'
0	13:14:47.514	Compiling 'SignalReceive'
0	13:14:47.515	Compiling 'SignalReceive'
0	13:14:47.517	Compiling 'SignalSend'
0	13:14:47.519	Compiling 'AcountHistory'
0	13:14:47.520	Compiling 'Equity'
0	13:14:47.521	Compiling 'template'
0	13:14:47.522	Compiling 'AccountGet'
0	13:14:47.523	Compiling 'SymbolInfo'
0	13:14:47.524	Compiling 'TakeProfitAndStopLoss'
0	13:14:47.524	Compiling 'TakeProfitAndStopLoss2'
0	13:14:47.525	Compiling 'InformationForSymbol'
0	13:14:51.423	Compiling 'Accelerator'
0	13:14:51.423	Compiling 'Accumulation'
0	13:14:51.423	Compiling 'Alligator'
0	13:14:51.424	Compiling 'ATR'
0	13:14:51.424	Compiling 'Awesome'
0	13:14:51.424	Compiling 'Bands'
0	13:14:51.425	Compiling 'Bears'
0	13:14:51.426	Compiling 'Bulls'
0	13:14:51.426	Compiling 'CCI'
0	13:14:51.426	Compiling 'Custom Moving Averages'
0	13:14:51.427	Compiling 'Heiken Ashi'
0	13:14:51.427	Compiling 'Ichimoku'
0	13:14:51.427	Compiling 'iExposure'
0	13:14:51.427	Compiling 'MACD'
0	13:14:51.428	Compiling 'Momentum'
0	13:14:51.428	Compiling 'OsMA'
0	13:14:51.428	Compiling 'Parabolic'
0	13:14:51.429	Compiling 'RSI'
0	13:14:51.429	Compiling 'Stochastic'
0	13:14:51.429	Compiling 'ZigZag'
0	13:14:51.430	Compiling 'SimplePanel'
0	13:14:56.233	Compiling 'PeriodConverter'
0	13:14:56.233	Compiling 'test'
0	13:14:56.233	Compiling 'test2'
0	13:14:56.233	Compiling 'test3'
0	13:14:56.235	Compiling 'test4'
0	13:14:56.235	Compiling '结构体集合'
0	13:14:56.236	Compiling 'test'
0	13:14:56.236	Compiling 'TimeCalculate'
0	13:14:56.237	Compiling 'DLLSampleTester'
0	13:14:56.239	Compiling 'PipeClient'
0	13:14:56.239	Compiling 'PipeClientPure'
0	13:14:59.757	Compiling 'stdlib'
0	13:15:03.256	Expert company _onlive\send_1.0\SignalSend USDJPY,H1: loaded successfully
0	13:15:03.256	SignalSend USDJPY,H1 inputs: EaName=407610636; 
0	13:15:03.320	Expert company_strategies\TpAndSl\TakeProfitAndStopLoss2 AUDCAD,H1: loaded successfully
0	13:15:03.321	TakeProfitAndStopLoss2 AUDCAD,H1 inputs: MS=-------------移动止损-------------; IsUseMS=true; Pricelimit=100.0; MovingStopLossStep=50.0; IsTrackSeclet=false; MagicNum=0; GBPUSD_MS=-------------GBPUSD-------------; GBPUSD_IsUseMS=false; GBPUSD_Pricelimit=100.0; GBPUSD_MovingStopLossStep=30.0; EURUSD_MS=-------------EURUSD-------------; EURUSD_IsUseMS=false; EURUSD_Pricelimit=120.0; EURUSD_MovingStopLossStep=40.0; USDJPY_MS=-------------USDJPY-------------; USDJPY_IsUseMS=false; USDJPY_Pricelimit=60.0; USDJPY_MovingStopLossStep=30.0; NZDUSD_MS=-------------NZDUSD-------------; NZDUSD_IsUseMS=false; NZDUSD_Pricelimit=40.0; NZDUSD_MovingStopLossStep=20.0; XAUUSD_MS=-------------XAUUSD-------------; XAUUSD_IsUseMS=false; XAUUSD_Pricelimit=60.0; XAUUSD_MovingStopLossStep=30.0; XAGUSD_MS=-------------XAGUSD-------------; XAGUSD_IsUseMS=false; XAGUSD_Pricelimit=50.0; XAGUSD_MovingStopLossStep=25.0; AUDUSD_MS=-------------AUDUSD-------------; AUDUSD_IsUseMS=false; AUDUSD_Pricelimit=50.0; AUDUSD_MovingStopLossStep=20.0; USDCHF_IsUseMS=false; 
