2	09:48:23.749	TakeProfitAndStopLoss AUDCAD,H1: modify #70572587 buy 0.01 GBPAUD at 1.77430 sl: 1.77574 tp: 0.00000 ok
0	09:48:23.751	TakeProfitAndStopLoss AUDCAD,H1: Order modified successfully.
2	09:48:24.504	TakeProfitAndStopLoss AUDCAD,H1: modify #70572587 buy 0.01 GBPAUD at 1.77430 sl: 1.77583 tp: 0.00000 ok
0	09:48:24.504	TakeProfitAndStopLoss AUDCAD,H1: Order modified successfully.
2	09:48:25.495	TakeProfitAndStopLoss AUDCAD,H1: modify #70572587 buy 0.01 GBPAUD at 1.77430 sl: 1.77584 tp: 0.00000 ok
0	09:48:25.495	TakeProfitAndStopLoss AUDCAD,H1: Order modified successfully.
2	09:48:30.938	TakeProfitAndStopLoss AUDCAD,H1: modify #70572587 buy 0.01 GBPAUD at 1.77430 sl: 1.77589 tp: 0.00000 ok
0	09:48:30.938	TakeProfitAndStopLoss AUDCAD,H1: Order modified successfully.
2	09:48:31.666	TakeProfitAndStopLoss AUDCAD,H1: modify #70572587 buy 0.01 GBPAUD at 1.77430 sl: 1.77591 tp: 0.00000 ok
0	09:48:31.666	TakeProfitAndStopLoss AUDCAD,H1: Order modified successfully.
2	09:48:37.560	TakeProfitAndStopLoss AUDCAD,H1: modify #70572587 buy 0.01 GBPAUD at 1.77430 sl: 1.77597 tp: 0.00000 ok
0	09:48:37.560	TakeProfitAndStopLoss AUDCAD,H1: Order modified successfully.
2	09:48:38.925	TakeProfitAndStopLoss AUDCAD,H1: modify #70572587 buy 0.01 GBPAUD at 1.77430 sl: 1.77601 tp: 0.00000 ok
0	09:48:38.925	TakeProfitAndStopLoss AUDCAD,H1: Order modified successfully.
2	09:49:06.062	TakeProfitAndStopLoss AUDCAD,H1: modify #70572587 buy 0.01 GBPAUD at 1.77430 sl: 1.77603 tp: 0.00000 ok
0	09:49:06.062	TakeProfitAndStopLoss AUDCAD,H1: Order modified successfully.
2	09:49:14.292	TakeProfitAndStopLoss AUDCAD,H1: modify #70572587 buy 0.01 GBPAUD at 1.77430 sl: 1.77606 tp: 0.00000 ok
0	09:49:14.292	TakeProfitAndStopLoss AUDCAD,H1: Order modified successfully.
2	09:49:16.178	TakeProfitAndStopLoss AUDCAD,H1: modify #70572587 buy 0.01 GBPAUD at 1.77430 sl: 1.77609 tp: 0.00000 ok
0	09:49:16.178	TakeProfitAndStopLoss AUDCAD,H1: Order modified successfully.
2	09:49:16.902	TakeProfitAndStopLoss AUDCAD,H1: modify #70572587 buy 0.01 GBPAUD at 1.77430 sl: 1.77610 tp: 0.00000 ok
0	09:49:16.902	TakeProfitAndStopLoss AUDCAD,H1: Order modified successfully.
2	09:49:17.558	TakeProfitAndStopLoss AUDCAD,H1: modify #70572587 buy 0.01 GBPAUD at 1.77430 sl: 1.77619 tp: 0.00000 ok
0	09:49:17.558	TakeProfitAndStopLoss AUDCAD,H1: Order modified successfully.
2	09:49:20.304	TakeProfitAndStopLoss AUDCAD,H1: modify #70572587 buy 0.01 GBPAUD at 1.77430 sl: 1.77620 tp: 0.00000 ok
0	09:49:20.304	TakeProfitAndStopLoss AUDCAD,H1: Order modified successfully.
2	09:49:28.962	TakeProfitAndStopLoss AUDCAD,H1: modify #70572587 buy 0.01 GBPAUD at 1.77430 sl: 1.77621 tp: 0.00000 ok
0	09:49:28.962	TakeProfitAndStopLoss AUDCAD,H1: Order modified successfully.
2	09:49:31.176	TakeProfitAndStopLoss AUDCAD,H1: modify #70572587 buy 0.01 GBPAUD at 1.77430 sl: 1.77636 tp: 0.00000 ok
0	09:49:31.176	TakeProfitAndStopLoss AUDCAD,H1: Order modified successfully.
2	09:49:38.270	TakeProfitAndStopLoss AUDCAD,H1: modify #70572587 buy 0.01 GBPAUD at 1.77430 sl: 1.77638 tp: 0.00000 ok
0	09:49:38.270	TakeProfitAndStopLoss AUDCAD,H1: Order modified successfully.
2	09:49:38.935	TakeProfitAndStopLoss AUDCAD,H1: modify #70572587 buy 0.01 GBPAUD at 1.77430 sl: 1.77640 tp: 0.00000 ok
0	09:49:38.935	TakeProfitAndStopLoss AUDCAD,H1: Order modified successfully.
2	09:49:39.528	TakeProfitAndStopLoss AUDCAD,H1: modify #70572587 buy 0.01 GBPAUD at 1.77430 sl: 1.77642 tp: 0.00000 ok
0	09:49:39.528	TakeProfitAndStopLoss AUDCAD,H1: Order modified successfully.
2	09:49:44.848	TakeProfitAndStopLoss AUDCAD,H1: modify #70572587 buy 0.01 GBPAUD at 1.77430 sl: 1.77643 tp: 0.00000 ok
0	09:49:44.848	TakeProfitAndStopLoss AUDCAD,H1: Order modified successfully.
2	09:49:45.520	TakeProfitAndStopLoss AUDCAD,H1: modify #70572587 buy 0.01 GBPAUD at 1.77430 sl: 1.77644 tp: 0.00000 ok
0	09:49:45.520	TakeProfitAndStopLoss AUDCAD,H1: Order modified successfully.
2	09:49:46.212	TakeProfitAndStopLoss AUDCAD,H1: modify #70572587 buy 0.01 GBPAUD at 1.77430 sl: 1.77652 tp: 0.00000 ok
0	09:49:46.212	TakeProfitAndStopLoss AUDCAD,H1: Order modified successfully.
2	09:50:17.896	TakeProfitAndStopLoss AUDCAD,H1: modify #70572587 buy 0.01 GBPAUD at 1.77430 sl: 1.77663 tp: 0.00000 ok
0	09:50:17.896	TakeProfitAndStopLoss AUDCAD,H1: Order modified successfully.
0	11:01:10.091	TakeProfitAndStopLoss AUDCAD,H1: uninit reason 5
0	11:01:10.120	TakeProfitAndStopLoss AUDCAD,H1 inputs: MS=-------------ÒÆ¶¯Ö¹Ëð-------------; IsUseMS=true; Pricelimit=300.0; MovingStopLossStep=80.0; IsTrackSeclet=false; MagicNum=0; 
0	11:01:10.153	TakeProfitAndStopLoss AUDCAD,H1: initialized
0	11:56:21.247	TakeProfitAndStopLoss AUDCAD,H1: uninit reason 1
0	11:56:21.253	Expert TakeProfitAndStopLoss AUDCAD,H1: removed
0	11:56:25.539	Expert company_strategies\TpAndSl\TakeProfitAndStopLoss AUDCAD,H1: loaded successfully
0	11:56:41.866	TakeProfitAndStopLoss AUDCAD,H1 inputs: MS=-------------ÒÆ¶¯Ö¹Ëð-------------; IsUseMS=true; Pricelimit=500.0; MovingStopLossStep=200.0; IsTrackSeclet=false; MagicNum=0; 
0	11:56:41.929	TakeProfitAndStopLoss AUDCAD,H1: initialized
0	15:23:00.083	TakeProfitAndStopLoss AUDCAD,H1: uninit reason 5
0	15:23:00.112	TakeProfitAndStopLoss AUDCAD,H1 inputs: MS=-------------ÒÆ¶¯Ö¹Ëð-------------; IsUseMS=true; Pricelimit=400.0; MovingStopLossStep=200.0; IsTrackSeclet=false; MagicNum=0; 
0	15:23:00.122	TakeProfitAndStopLoss AUDCAD,H1: initialized
0	19:29:43.462	TakeProfitAndStopLoss AUDCAD,H1: uninit reason 5
0	19:29:43.497	TakeProfitAndStopLoss AUDCAD,H1 inputs: MS=-------------ÒÆ¶¯Ö¹Ëð-------------; IsUseMS=true; Pricelimit=400.0; MovingStopLossStep=200.0; IsTrackSeclet=false; MagicNum=0; 
0	19:29:43.508	TakeProfitAndStopLoss AUDCAD,H1: initialized
