2	00:56:35.107	TakeProfitAndStopLoss AUDCAD,H1: modify #70794536 buy 0.01 GBPJPY at 146.086 sl: 146.211 tp: 0.000 ok
0	00:56:35.110	TakeProfitAndStopLoss AUDCAD,H1: Order modified successfully.
2	00:57:00.528	TakeProfitAndStopLoss AUDCAD,H1: modify #70794536 buy 0.01 GBPJPY at 146.086 sl: 146.214 tp: 0.000 ok
0	00:57:00.528	TakeProfitAndStopLoss AUDCAD,H1: Order modified successfully.
2	00:57:00.778	TakeProfitAndStopLoss AUDCAD,H1: modify #70794536 buy 0.01 GBPJPY at 146.086 sl: 146.227 tp: 0.000 ok
0	00:57:00.778	TakeProfitAndStopLoss AUDCAD,H1: Order modified successfully.
2	00:57:00.980	TakeProfitAndStopLoss AUDCAD,H1: modify #70794536 buy 0.01 GBPJPY at 146.086 sl: 146.228 tp: 0.000 ok
0	00:57:00.980	TakeProfitAndStopLoss AUDCAD,H1: Order modified successfully.
2	00:57:11.138	TakeProfitAndStopLoss AUDCAD,H1: modify #70794536 buy 0.01 GBPJPY at 146.086 sl: 146.229 tp: 0.000 ok
0	00:57:11.138	TakeProfitAndStopLoss AUDCAD,H1: Order modified successfully.
2	00:57:11.294	TakeProfitAndStopLoss AUDCAD,H1: modify #70794536 buy 0.01 GBPJPY at 146.086 sl: 146.230 tp: 0.000 ok
0	00:57:11.294	TakeProfitAndStopLoss AUDCAD,H1: Order modified successfully.
2	00:57:26.012	TakeProfitAndStopLoss AUDCAD,H1: modify #70794536 buy 0.01 GBPJPY at 146.086 sl: 146.231 tp: 0.000 ok
0	00:57:26.012	TakeProfitAndStopLoss AUDCAD,H1: Order modified successfully.
2	00:57:30.699	TakeProfitAndStopLoss AUDCAD,H1: modify #70794536 buy 0.01 GBPJPY at 146.086 sl: 146.232 tp: 0.000 ok
0	00:57:30.699	TakeProfitAndStopLoss AUDCAD,H1: Order modified successfully.
2	00:57:30.949	TakeProfitAndStopLoss AUDCAD,H1: modify #70794536 buy 0.01 GBPJPY at 146.086 sl: 146.236 tp: 0.000 ok
0	00:57:30.949	TakeProfitAndStopLoss AUDCAD,H1: Order modified successfully.
2	00:57:31.106	TakeProfitAndStopLoss AUDCAD,H1: modify #70794536 buy 0.01 GBPJPY at 146.086 sl: 146.237 tp: 0.000 ok
0	00:57:31.106	TakeProfitAndStopLoss AUDCAD,H1: Order modified successfully.
2	01:00:17.983	TakeProfitAndStopLoss AUDCAD,H1: modify #70794536 buy 0.01 GBPJPY at 146.086 sl: 146.241 tp: 0.000 ok
0	01:00:17.983	TakeProfitAndStopLoss AUDCAD,H1: Order modified successfully.
2	01:00:36.154	TakeProfitAndStopLoss AUDCAD,H1: modify #70794536 buy 0.01 GBPJPY at 146.086 sl: 146.242 tp: 0.000 ok
0	01:00:36.154	TakeProfitAndStopLoss AUDCAD,H1: Order modified successfully.
2	01:00:36.357	TakeProfitAndStopLoss AUDCAD,H1: modify #70794536 buy 0.01 GBPJPY at 146.086 sl: 146.243 tp: 0.000 ok
0	01:00:36.357	TakeProfitAndStopLoss AUDCAD,H1: Order modified successfully.
2	01:00:42.106	TakeProfitAndStopLoss AUDCAD,H1: modify #70794536 buy 0.01 GBPJPY at 146.086 sl: 146.244 tp: 0.000 ok
0	01:00:42.106	TakeProfitAndStopLoss AUDCAD,H1: Order modified successfully.
2	01:00:44.094	TakeProfitAndStopLoss AUDCAD,H1: modify #70794536 buy 0.01 GBPJPY at 146.086 sl: 146.245 tp: 0.000 ok
0	01:00:44.094	TakeProfitAndStopLoss AUDCAD,H1: Order modified successfully.
2	01:00:44.435	TakeProfitAndStopLoss AUDCAD,H1: modify #70794536 buy 0.01 GBPJPY at 146.086 sl: 146.246 tp: 0.000 ok
0	01:00:44.435	TakeProfitAndStopLoss AUDCAD,H1: Order modified successfully.
2	01:00:44.592	TakeProfitAndStopLoss AUDCAD,H1: modify #70794536 buy 0.01 GBPJPY at 146.086 sl: 146.247 tp: 0.000 ok
0	01:00:44.592	TakeProfitAndStopLoss AUDCAD,H1: Order modified successfully.
2	01:01:07.779	TakeProfitAndStopLoss AUDCAD,H1: modify #70794536 buy 0.01 GBPJPY at 146.086 sl: 146.248 tp: 0.000 ok
0	01:01:07.779	TakeProfitAndStopLoss AUDCAD,H1: Order modified successfully.
2	01:01:08.171	TakeProfitAndStopLoss AUDCAD,H1: modify #70794536 buy 0.01 GBPJPY at 146.086 sl: 146.249 tp: 0.000 ok
0	01:01:08.171	TakeProfitAndStopLoss AUDCAD,H1: Order modified successfully.
2	01:01:28.077	TakeProfitAndStopLoss AUDCAD,H1: modify #70794536 buy 0.01 GBPJPY at 146.086 sl: 146.251 tp: 0.000 ok
0	01:01:28.077	TakeProfitAndStopLoss AUDCAD,H1: Order modified successfully.
2	01:01:28.233	TakeProfitAndStopLoss AUDCAD,H1: modify #70794536 buy 0.01 GBPJPY at 146.086 sl: 146.253 tp: 0.000 ok
0	01:01:28.233	TakeProfitAndStopLoss AUDCAD,H1: Order modified successfully.
2	01:01:28.387	TakeProfitAndStopLoss AUDCAD,H1: modify #70794536 buy 0.01 GBPJPY at 146.086 sl: 146.255 tp: 0.000 ok
0	01:01:28.387	TakeProfitAndStopLoss AUDCAD,H1: Order modified successfully.
2	01:01:28.544	TakeProfitAndStopLoss AUDCAD,H1: modify #70794536 buy 0.01 GBPJPY at 146.086 sl: 146.256 tp: 0.000 ok
0	01:01:28.544	TakeProfitAndStopLoss AUDCAD,H1: Order modified successfully.
2	01:01:30.483	TakeProfitAndStopLoss AUDCAD,H1: modify #70794536 buy 0.01 GBPJPY at 146.086 sl: 146.258 tp: 0.000 ok
0	01:01:30.483	TakeProfitAndStopLoss AUDCAD,H1: Order modified successfully.
2	01:01:30.648	TakeProfitAndStopLoss AUDCAD,H1: modify #70794536 buy 0.01 GBPJPY at 146.086 sl: 146.259 tp: 0.000 ok
0	01:01:30.648	TakeProfitAndStopLoss AUDCAD,H1: Order modified successfully.
2	01:01:35.840	TakeProfitAndStopLoss AUDCAD,H1: modify #70794536 buy 0.01 GBPJPY at 146.086 sl: 146.264 tp: 0.000 ok
0	01:01:35.840	TakeProfitAndStopLoss AUDCAD,H1: Order modified successfully.
2	01:01:35.998	TakeProfitAndStopLoss AUDCAD,H1: modify #70794536 buy 0.01 GBPJPY at 146.086 sl: 146.266 tp: 0.000 ok
0	01:01:35.998	TakeProfitAndStopLoss AUDCAD,H1: Order modified successfully.
2	01:01:36.154	TakeProfitAndStopLoss AUDCAD,H1: modify #70794536 buy 0.01 GBPJPY at 146.086 sl: 146.267 tp: 0.000 ok
0	01:01:36.154	TakeProfitAndStopLoss AUDCAD,H1: Order modified successfully.
2	01:01:41.575	TakeProfitAndStopLoss AUDCAD,H1: modify #70794536 buy 0.01 GBPJPY at 146.086 sl: 146.268 tp: 0.000 ok
0	01:01:41.575	TakeProfitAndStopLoss AUDCAD,H1: Order modified successfully.
2	01:01:43.513	TakeProfitAndStopLoss AUDCAD,H1: modify #70794536 buy 0.01 GBPJPY at 146.086 sl: 146.271 tp: 0.000 ok
0	01:01:43.513	TakeProfitAndStopLoss AUDCAD,H1: Order modified successfully.
2	01:03:20.919	TakeProfitAndStopLoss AUDCAD,H1: modify #70794536 buy 0.01 GBPJPY at 146.086 sl: 146.272 tp: 0.000 ok
0	01:03:20.919	TakeProfitAndStopLoss AUDCAD,H1: Order modified successfully.
2	01:03:22.890	TakeProfitAndStopLoss AUDCAD,H1: modify #70794536 buy 0.01 GBPJPY at 146.086 sl: 146.274 tp: 0.000 ok
0	01:03:22.890	TakeProfitAndStopLoss AUDCAD,H1: Order modified successfully.
2	01:03:23.139	TakeProfitAndStopLoss AUDCAD,H1: modify #70794536 buy 0.01 GBPJPY at 146.086 sl: 146.276 tp: 0.000 ok
0	01:03:23.139	TakeProfitAndStopLoss AUDCAD,H1: Order modified successfully.
2	01:03:23.296	TakeProfitAndStopLoss AUDCAD,H1: modify #70794536 buy 0.01 GBPJPY at 146.086 sl: 146.278 tp: 0.000 ok
0	01:03:23.296	TakeProfitAndStopLoss AUDCAD,H1: Order modified successfully.
2	01:03:23.452	TakeProfitAndStopLoss AUDCAD,H1: modify #70794536 buy 0.01 GBPJPY at 146.086 sl: 146.280 tp: 0.000 ok
0	01:03:23.452	TakeProfitAndStopLoss AUDCAD,H1: Order modified successfully.
2	01:03:23.608	TakeProfitAndStopLoss AUDCAD,H1: modify #70794536 buy 0.01 GBPJPY at 146.086 sl: 146.281 tp: 0.000 ok
0	01:03:23.608	TakeProfitAndStopLoss AUDCAD,H1: Order modified successfully.
2	01:03:25.404	TakeProfitAndStopLoss AUDCAD,H1: modify #70794536 buy 0.01 GBPJPY at 146.086 sl: 146.283 tp: 0.000 ok
0	01:03:25.404	TakeProfitAndStopLoss AUDCAD,H1: Order modified successfully.
2	01:03:25.560	TakeProfitAndStopLoss AUDCAD,H1: modify #70794536 buy 0.01 GBPJPY at 146.086 sl: 146.285 tp: 0.000 ok
0	01:03:25.560	TakeProfitAndStopLoss AUDCAD,H1: Order modified successfully.
2	01:03:26.934	TakeProfitAndStopLoss AUDCAD,H1: modify #70794536 buy 0.01 GBPJPY at 146.086 sl: 146.288 tp: 0.000 ok
0	01:03:26.934	TakeProfitAndStopLoss AUDCAD,H1: Order modified successfully.
2	01:03:27.935	TakeProfitAndStopLoss AUDCAD,H1: modify #70794536 buy 0.01 GBPJPY at 146.086 sl: 146.289 tp: 0.000 ok
0	01:03:27.935	TakeProfitAndStopLoss AUDCAD,H1: Order modified successfully.
2	01:03:28.048	TakeProfitAndStopLoss AUDCAD,H1: modify #70794536 buy 0.01 GBPJPY at 146.086 sl: 146.290 tp: 0.000 ok
0	01:03:28.048	TakeProfitAndStopLoss AUDCAD,H1: Order modified successfully.
2	01:03:31.529	TakeProfitAndStopLoss AUDCAD,H1: modify #70794536 buy 0.01 GBPJPY at 146.086 sl: 146.292 tp: 0.000 ok
0	01:03:31.529	TakeProfitAndStopLoss AUDCAD,H1: Order modified successfully.
2	01:08:26.001	TakeProfitAndStopLoss AUDCAD,H1: modify #70794536 buy 0.01 GBPJPY at 146.086 sl: 146.294 tp: 0.000 ok
0	01:08:26.001	TakeProfitAndStopLoss AUDCAD,H1: Order modified successfully.
2	01:08:26.578	TakeProfitAndStopLoss AUDCAD,H1: modify #70794536 buy 0.01 GBPJPY at 146.086 sl: 146.303 tp: 0.000 ok
0	01:08:26.578	TakeProfitAndStopLoss AUDCAD,H1: Order modified successfully.
2	01:08:26.733	TakeProfitAndStopLoss AUDCAD,H1: modify #70794536 buy 0.01 GBPJPY at 146.086 sl: 146.305 tp: 0.000 ok
0	01:08:26.733	TakeProfitAndStopLoss AUDCAD,H1: Order modified successfully.
2	01:08:27.218	TakeProfitAndStopLoss AUDCAD,H1: modify #70794536 buy 0.01 GBPJPY at 146.086 sl: 146.310 tp: 0.000 ok
0	01:08:27.218	TakeProfitAndStopLoss AUDCAD,H1: Order modified successfully.
2	01:08:27.406	TakeProfitAndStopLoss AUDCAD,H1: modify #70794536 buy 0.01 GBPJPY at 146.086 sl: 146.314 tp: 0.000 ok
0	01:08:27.406	TakeProfitAndStopLoss AUDCAD,H1: Order modified successfully.
2	01:08:27.561	TakeProfitAndStopLoss AUDCAD,H1: modify #70794536 buy 0.01 GBPJPY at 146.086 sl: 146.315 tp: 0.000 ok
0	01:08:27.561	TakeProfitAndStopLoss AUDCAD,H1: Order modified successfully.
2	01:08:27.860	TakeProfitAndStopLoss AUDCAD,H1: modify #70794536 buy 0.01 GBPJPY at 146.086 sl: 146.317 tp: 0.000 ok
0	01:08:27.860	TakeProfitAndStopLoss AUDCAD,H1: Order modified successfully.
2	01:08:32.999	TakeProfitAndStopLoss AUDCAD,H1: modify #70794536 buy 0.01 GBPJPY at 146.086 sl: 146.321 tp: 0.000 ok
0	01:08:32.999	TakeProfitAndStopLoss AUDCAD,H1: Order modified successfully.
2	01:08:33.202	TakeProfitAndStopLoss AUDCAD,H1: modify #70794536 buy 0.01 GBPJPY at 146.086 sl: 146.323 tp: 0.000 ok
0	01:08:33.202	TakeProfitAndStopLoss AUDCAD,H1: Order modified successfully.
2	01:08:33.454	TakeProfitAndStopLoss AUDCAD,H1: modify #70794536 buy 0.01 GBPJPY at 146.086 sl: 146.324 tp: 0.000 ok
0	01:08:33.454	TakeProfitAndStopLoss AUDCAD,H1: Order modified successfully.
2	01:09:13.156	TakeProfitAndStopLoss AUDCAD,H1: modify #70794536 buy 0.01 GBPJPY at 146.086 sl: 146.327 tp: 0.000 ok
0	01:09:13.156	TakeProfitAndStopLoss AUDCAD,H1: Order modified successfully.
2	01:09:13.359	TakeProfitAndStopLoss AUDCAD,H1: modify #70794536 buy 0.01 GBPJPY at 146.086 sl: 146.333 tp: 0.000 ok
0	01:09:13.359	TakeProfitAndStopLoss AUDCAD,H1: Order modified successfully.
2	01:09:14.266	TakeProfitAndStopLoss AUDCAD,H1: modify #70794536 buy 0.01 GBPJPY at 146.086 sl: 146.335 tp: 0.000 ok
0	01:09:14.266	TakeProfitAndStopLoss AUDCAD,H1: Order modified successfully.
2	01:09:15.031	TakeProfitAndStopLoss AUDCAD,H1: modify #70794536 buy 0.01 GBPJPY at 146.086 sl: 146.338 tp: 0.000 ok
0	01:09:15.031	TakeProfitAndStopLoss AUDCAD,H1: Order modified successfully.
2	01:09:19.703	TakeProfitAndStopLoss AUDCAD,H1: modify #70794536 buy 0.01 GBPJPY at 146.086 sl: 146.342 tp: 0.000 ok
0	01:09:19.703	TakeProfitAndStopLoss AUDCAD,H1: Order modified successfully.
2	01:12:00.046	TakeProfitAndStopLoss AUDCAD,H1: modify #70794536 buy 0.01 GBPJPY at 146.086 sl: 146.346 tp: 0.000 ok
0	01:12:00.046	TakeProfitAndStopLoss AUDCAD,H1: Order modified successfully.
2	01:12:00.251	TakeProfitAndStopLoss AUDCAD,H1: modify #70794536 buy 0.01 GBPJPY at 146.086 sl: 146.349 tp: 0.000 ok
0	01:12:00.251	TakeProfitAndStopLoss AUDCAD,H1: Order modified successfully.
2	01:12:00.617	TakeProfitAndStopLoss AUDCAD,H1: modify #70794536 buy 0.01 GBPJPY at 146.086 sl: 146.350 tp: 0.000 ok
0	01:12:00.617	TakeProfitAndStopLoss AUDCAD,H1: Order modified successfully.
0	01:12:00.617	TakeProfitAndStopLoss AUDCAD,H1: Select The Order Failed!
2	01:12:00.759	TakeProfitAndStopLoss AUDCAD,H1: modify #70794536 buy 0.01 GBPJPY at 146.086 sl: 146.352 tp: 0.000 ok
0	01:12:00.759	TakeProfitAndStopLoss AUDCAD,H1: Order modified successfully.
2	01:12:00.907	TakeProfitAndStopLoss AUDCAD,H1: modify #70794536 buy 0.01 GBPJPY at 146.086 sl: 146.354 tp: 0.000 ok
0	01:12:00.907	TakeProfitAndStopLoss AUDCAD,H1: Order modified successfully.
2	01:12:04.969	TakeProfitAndStopLoss AUDCAD,H1: modify #70794536 buy 0.01 GBPJPY at 146.086 sl: 146.355 tp: 0.000 ok
0	01:12:04.969	TakeProfitAndStopLoss AUDCAD,H1: Order modified successfully.
2	01:12:05.830	TakeProfitAndStopLoss AUDCAD,H1: modify #70794536 buy 0.01 GBPJPY at 146.086 sl: 146.360 tp: 0.000 ok
0	01:12:05.830	TakeProfitAndStopLoss AUDCAD,H1: Order modified successfully.
2	01:12:06.172	TakeProfitAndStopLoss AUDCAD,H1: modify #70794536 buy 0.01 GBPJPY at 146.086 sl: 146.362 tp: 0.000 ok
0	01:12:06.172	TakeProfitAndStopLoss AUDCAD,H1: Order modified successfully.
2	01:12:31.176	TakeProfitAndStopLoss AUDCAD,H1: modify #70794536 buy 0.01 GBPJPY at 146.086 sl: 146.363 tp: 0.000 ok
0	01:12:31.176	TakeProfitAndStopLoss AUDCAD,H1: Order modified successfully.
2	01:12:32.458	TakeProfitAndStopLoss AUDCAD,H1: modify #70794536 buy 0.01 GBPJPY at 146.086 sl: 146.371 tp: 0.000 ok
0	01:12:32.458	TakeProfitAndStopLoss AUDCAD,H1: Order modified successfully.
2	01:12:32.658	TakeProfitAndStopLoss AUDCAD,H1: modify #70794536 buy 0.01 GBPJPY at 146.086 sl: 146.375 tp: 0.000 ok
0	01:12:32.658	TakeProfitAndStopLoss AUDCAD,H1: Order modified successfully.
2	01:12:34.609	TakeProfitAndStopLoss AUDCAD,H1: modify #70794536 buy 0.01 GBPJPY at 146.086 sl: 146.376 tp: 0.000 ok
0	01:12:34.609	TakeProfitAndStopLoss AUDCAD,H1: Order modified successfully.
2	01:12:34.750	TakeProfitAndStopLoss AUDCAD,H1: modify #70794536 buy 0.01 GBPJPY at 146.086 sl: 146.377 tp: 0.000 ok
0	01:12:34.750	TakeProfitAndStopLoss AUDCAD,H1: Order modified successfully.
2	01:12:40.813	TakeProfitAndStopLoss AUDCAD,H1: modify #70794536 buy 0.01 GBPJPY at 146.086 sl: 146.378 tp: 0.000 ok
0	01:12:40.813	TakeProfitAndStopLoss AUDCAD,H1: Order modified successfully.
2	01:12:47.391	TakeProfitAndStopLoss AUDCAD,H1: modify #70794536 buy 0.01 GBPJPY at 146.086 sl: 146.381 tp: 0.000 ok
0	01:12:47.391	TakeProfitAndStopLoss AUDCAD,H1: Order modified successfully.
2	01:13:17.608	TakeProfitAndStopLoss AUDCAD,H1: modify #70794536 buy 0.01 GBPJPY at 146.086 sl: 146.382 tp: 0.000 ok
0	01:13:17.608	TakeProfitAndStopLoss AUDCAD,H1: Order modified successfully.
2	01:13:18.659	TakeProfitAndStopLoss AUDCAD,H1: modify #70794536 buy 0.01 GBPJPY at 146.086 sl: 146.383 tp: 0.000 ok
0	01:13:18.659	TakeProfitAndStopLoss AUDCAD,H1: Order modified successfully.
2	01:13:21.066	TakeProfitAndStopLoss AUDCAD,H1: modify #70794536 buy 0.01 GBPJPY at 146.086 sl: 146.384 tp: 0.000 ok
0	01:13:21.066	TakeProfitAndStopLoss AUDCAD,H1: Order modified successfully.
2	01:13:21.219	TakeProfitAndStopLoss AUDCAD,H1: modify #70794536 buy 0.01 GBPJPY at 146.086 sl: 146.388 tp: 0.000 ok
0	01:13:21.219	TakeProfitAndStopLoss AUDCAD,H1: Order modified successfully.
2	01:13:21.378	TakeProfitAndStopLoss AUDCAD,H1: modify #70794536 buy 0.01 GBPJPY at 146.086 sl: 146.389 tp: 0.000 ok
0	01:13:21.378	TakeProfitAndStopLoss AUDCAD,H1: Order modified successfully.
2	01:21:37.191	TakeProfitAndStopLoss AUDCAD,H1: modify #70794536 buy 0.01 GBPJPY at 146.086 sl: 146.391 tp: 0.000 ok
0	01:21:37.191	TakeProfitAndStopLoss AUDCAD,H1: Order modified successfully.
2	01:21:37.542	TakeProfitAndStopLoss AUDCAD,H1: modify #70794536 buy 0.01 GBPJPY at 146.086 sl: 146.393 tp: 0.000 ok
0	01:21:37.542	TakeProfitAndStopLoss AUDCAD,H1: Order modified successfully.
2	01:21:37.785	TakeProfitAndStopLoss AUDCAD,H1: modify #70794536 buy 0.01 GBPJPY at 146.086 sl: 146.398 tp: 0.000 ok
0	01:21:37.785	TakeProfitAndStopLoss AUDCAD,H1: Order modified successfully.
2	01:21:38.549	TakeProfitAndStopLoss AUDCAD,H1: modify #70794536 buy 0.01 GBPJPY at 146.086 sl: 146.399 tp: 0.000 ok
0	01:21:38.549	TakeProfitAndStopLoss AUDCAD,H1: Order modified successfully.
2	15:18:00.994	TakeProfitAndStopLoss AUDCAD,H1: modify #70798411 sell 0.01 GBPAUD at 1.76723 sl: 1.76595 tp: 0.00000 ok
0	15:18:00.994	TakeProfitAndStopLoss AUDCAD,H1: Order modified successfully.
2	15:18:01.515	TakeProfitAndStopLoss AUDCAD,H1: modify #70798411 sell 0.01 GBPAUD at 1.76723 sl: 1.76593 tp: 0.00000 ok
0	15:18:01.515	TakeProfitAndStopLoss AUDCAD,H1: Order modified successfully.
2	15:18:02.120	TakeProfitAndStopLoss AUDCAD,H1: modify #70798411 sell 0.01 GBPAUD at 1.76723 sl: 1.76592 tp: 0.00000 ok
0	15:18:02.120	TakeProfitAndStopLoss AUDCAD,H1: Order modified successfully.
2	15:18:02.275	TakeProfitAndStopLoss AUDCAD,H1: modify #70798411 sell 0.01 GBPAUD at 1.76723 sl: 1.76590 tp: 0.00000 ok
0	15:18:02.275	TakeProfitAndStopLoss AUDCAD,H1: Order modified successfully.
2	15:18:07.215	TakeProfitAndStopLoss AUDCAD,H1: modify #70839735 sell 0.01 GBPJPY at 146.161 sl: 146.036 tp: 0.000 ok
0	15:18:07.215	TakeProfitAndStopLoss AUDCAD,H1: Order modified successfully.
2	15:18:07.995	TakeProfitAndStopLoss AUDCAD,H1: modify #70798411 sell 0.01 GBPAUD at 1.76723 sl: 1.76587 tp: 0.00000 ok
0	15:18:07.995	TakeProfitAndStopLoss AUDCAD,H1: Order modified successfully.
2	15:18:12.070	TakeProfitAndStopLoss AUDCAD,H1: modify #70798411 sell 0.01 GBPAUD at 1.76723 sl: 1.76586 tp: 0.00000 ok
0	15:18:12.070	TakeProfitAndStopLoss AUDCAD,H1: Order modified successfully.
2	15:18:25.369	TakeProfitAndStopLoss AUDCAD,H1: modify #70798411 sell 0.01 GBPAUD at 1.76723 sl: 1.76580 tp: 0.00000 ok
0	15:18:25.369	TakeProfitAndStopLoss AUDCAD,H1: Order modified successfully.
2	15:18:25.541	TakeProfitAndStopLoss AUDCAD,H1: modify #70839735 sell 0.01 GBPJPY at 146.161 sl: 146.022 tp: 0.000 ok
0	15:18:25.541	TakeProfitAndStopLoss AUDCAD,H1: Order modified successfully.
2	15:18:25.697	TakeProfitAndStopLoss AUDCAD,H1: modify #70839735 sell 0.01 GBPJPY at 146.161 sl: 146.017 tp: 0.000 ok
0	15:18:25.697	TakeProfitAndStopLoss AUDCAD,H1: Order modified successfully.
2	15:18:26.713	TakeProfitAndStopLoss AUDCAD,H1: modify #70839735 sell 0.01 GBPJPY at 146.161 sl: 146.004 tp: 0.000 ok
0	15:18:26.713	TakeProfitAndStopLoss AUDCAD,H1: Order modified successfully.
2	15:18:33.900	TakeProfitAndStopLoss AUDCAD,H1: modify #70798411 sell 0.01 GBPAUD at 1.76723 sl: 1.76574 tp: 0.00000 ok
0	15:18:33.900	TakeProfitAndStopLoss AUDCAD,H1: Order modified successfully.
2	15:18:34.042	TakeProfitAndStopLoss AUDCAD,H1: modify #70839735 sell 0.01 GBPJPY at 146.161 sl: 145.971 tp: 0.000 ok
0	15:18:34.042	TakeProfitAndStopLoss AUDCAD,H1: Order modified successfully.
2	15:18:34.198	TakeProfitAndStopLoss AUDCAD,H1: modify #70798411 sell 0.01 GBPAUD at 1.76723 sl: 1.76548 tp: 0.00000 ok
0	15:18:34.198	TakeProfitAndStopLoss AUDCAD,H1: Order modified successfully.
2	15:18:35.353	TakeProfitAndStopLoss AUDCAD,H1: modify #70798411 sell 0.01 GBPAUD at 1.76723 sl: 1.76546 tp: 0.00000 ok
0	15:18:35.353	TakeProfitAndStopLoss AUDCAD,H1: Order modified successfully.
2	15:18:35.529	TakeProfitAndStopLoss AUDCAD,H1: modify #70839735 sell 0.01 GBPJPY at 146.161 sl: 145.970 tp: 0.000 ok
0	15:18:35.529	TakeProfitAndStopLoss AUDCAD,H1: Order modified successfully.
0	20:12:49.112	TakeProfitAndStopLoss AUDCAD,H1: uninit reason 5
0	20:12:49.141	TakeProfitAndStopLoss AUDCAD,H1 inputs: MS=-------------ÒÆ¶¯Ö¹Ëð-------------; IsUseMS=true; Pricelimit=50.0; MovingStopLossStep=20.0; IsTrackSeclet=false; MagicNum=0; 
0	20:12:49.156	TakeProfitAndStopLoss AUDCAD,H1: initialized
0	20:13:45.839	TakeProfitAndStopLoss AUDCAD,H1: uninit reason 5
0	20:13:45.868	TakeProfitAndStopLoss AUDCAD,H1 inputs: MS=-------------ÒÆ¶¯Ö¹Ëð-------------; IsUseMS=true; Pricelimit=50.0; MovingStopLossStep=25.0; IsTrackSeclet=false; MagicNum=0; 
0	20:13:45.885	TakeProfitAndStopLoss AUDCAD,H1: initialized
0	20:16:53.920	TakeProfitAndStopLoss AUDCAD,H1: uninit reason 5
0	20:16:53.951	TakeProfitAndStopLoss AUDCAD,H1 inputs: MS=-------------ÒÆ¶¯Ö¹Ëð-------------; IsUseMS=true; Pricelimit=50.0; MovingStopLossStep=25.0; IsTrackSeclet=false; MagicNum=0; 
0	20:16:53.953	TakeProfitAndStopLoss AUDCAD,H1: initialized
2	20:48:18.924	TakeProfitAndStopLoss AUDCAD,H1: modify #70877278 buy 0.01 EURUSD at 1.16727 sl: 1.16752 tp: 0.00000 ok
0	20:48:18.925	TakeProfitAndStopLoss AUDCAD,H1: Order modified successfully.
2	20:48:19.534	TakeProfitAndStopLoss AUDCAD,H1: modify #70877278 buy 0.01 EURUSD at 1.16727 sl: 1.16753 tp: 0.00000 ok
0	20:48:19.534	TakeProfitAndStopLoss AUDCAD,H1: Order modified successfully.
2	20:48:23.252	TakeProfitAndStopLoss AUDCAD,H1: modify #70877278 buy 0.01 EURUSD at 1.16727 sl: 1.16754 tp: 0.00000 ok
0	20:48:23.252	TakeProfitAndStopLoss AUDCAD,H1: Order modified successfully.
2	20:48:24.337	TakeProfitAndStopLoss AUDCAD,H1: modify #70877278 buy 0.01 EURUSD at 1.16727 sl: 1.16756 tp: 0.00000 ok
0	20:48:24.337	TakeProfitAndStopLoss AUDCAD,H1: Order modified successfully.
2	20:48:24.978	TakeProfitAndStopLoss AUDCAD,H1: modify #70877278 buy 0.01 EURUSD at 1.16727 sl: 1.16757 tp: 0.00000 ok
0	20:48:24.978	TakeProfitAndStopLoss AUDCAD,H1: Order modified successfully.
2	20:48:25.650	TakeProfitAndStopLoss AUDCAD,H1: modify #70877278 buy 0.01 EURUSD at 1.16727 sl: 1.16759 tp: 0.00000 ok
0	20:48:25.650	TakeProfitAndStopLoss AUDCAD,H1: Order modified successfully.
0	20:48:25.650	TakeProfitAndStopLoss AUDCAD,H1: uninit reason 5
0	20:48:25.680	TakeProfitAndStopLoss AUDCAD,H1 inputs: MS=-------------ÒÆ¶¯Ö¹Ëð-------------; IsUseMS=true; Pricelimit=50.0; MovingStopLossStep=25.0; IsTrackSeclet=false; MagicNum=0; 
0	20:48:25.682	TakeProfitAndStopLoss AUDCAD,H1: initialized
